<?xml version="1.0" encoding="UTF-8"?>
<!-- Generated by org.testng.reporters.JUnitReportReporter -->
<testsuite skipped="0" hostname="mpatil" name="com.product.qa.testcases.MyEventsTest" tests="1" failures="0" timestamp="17 Apr 2020 07:03:08 GMT" time="101.623" errors="0">
  <testcase name="VerifyMyEvent" time="101.623" classname="com.product.qa.testcases.MyEventsTest"/>
</testsuite> <!-- com.product.qa.testcases.MyEventsTest -->
