<?xml version="1.0" encoding="UTF-8"?>
<!-- Generated by org.testng.reporters.JUnitReportReporter -->
<testsuite skipped="9" hostname="mpatil" name="com.product.qa.testcases.BlogsPageTest" tests="10" failures="0" timestamp="26 Apr 2020 09:05:26 GMT" time="132.189" errors="0">
  <testcase name="deleteCommentTest" time="132.189" classname="com.product.qa.testcases.BlogsPageTest"/>
  <testcase name="EditCommentTest" classname="com.product.qa.testcases.BlogsPageTest">
    <skipped/>
  </testcase> <!-- EditCommentTest -->
  <testcase name="relatedEventsOpenTest" classname="com.product.qa.testcases.BlogsPageTest">
    <skipped/>
  </testcase> <!-- relatedEventsOpenTest -->
  <testcase name="relatedTagsOpenTest" classname="com.product.qa.testcases.BlogsPageTest">
    <skipped/>
  </testcase> <!-- relatedTagsOpenTest -->
  <testcase name="verifyReadMoreBtnTest" classname="com.product.qa.testcases.BlogsPageTest">
    <skipped/>
  </testcase> <!-- verifyReadMoreBtnTest -->
  <testcase name="relatedCourseOpenTest" classname="com.product.qa.testcases.BlogsPageTest">
    <skipped/>
  </testcase> <!-- relatedCourseOpenTest -->
  <testcase name="addingCommentTest" classname="com.product.qa.testcases.BlogsPageTest">
    <skipped/>
  </testcase> <!-- addingCommentTest -->
  <testcase name="AbusingWordTest" classname="com.product.qa.testcases.BlogsPageTest">
    <skipped/>
  </testcase> <!-- AbusingWordTest -->
  <testcase name="verifyBlogopenByLinkTest" classname="com.product.qa.testcases.BlogsPageTest">
    <skipped/>
  </testcase> <!-- verifyBlogopenByLinkTest -->
  <testcase name="verifyBlogLabelTest" classname="com.product.qa.testcases.BlogsPageTest">
    <skipped/>
  </testcase> <!-- verifyBlogLabelTest -->
</testsuite> <!-- com.product.qa.testcases.BlogsPageTest -->
