<?xml version="1.0" encoding="UTF-8"?>
<!-- Generated by org.testng.reporters.JUnitReportReporter -->
<testsuite skipped="0" hostname="mpatil" name="com.product.qa.testcases.FeedbackTest" tests="5" failures="0" timestamp="16 Apr 2020 10:35:00 GMT" time="210.541" errors="0">
  <testcase name="FeedbackLabelTest" time="40.905" classname="com.product.qa.testcases.FeedbackTest"/>
  <testcase name="cancelButtonTest" time="40.523" classname="com.product.qa.testcases.FeedbackTest"/>
  <testcase name="submitFeedbackWith500CharecterTest" time="50.288" classname="com.product.qa.testcases.FeedbackTest"/>
  <testcase name="submitFeedbackWith501CharecterTest" time="43.913" classname="com.product.qa.testcases.FeedbackTest"/>
  <testcase name="CharecterLimitTest" time="34.912" classname="com.product.qa.testcases.FeedbackTest"/>
</testsuite> <!-- com.product.qa.testcases.FeedbackTest -->
