<?xml version="1.0" encoding="UTF-8"?>
<!-- Generated by org.testng.reporters.JUnitReportReporter -->
<testsuite skipped="0" hostname="mpatil" name="com.product.qa.testcases.HomePageTest" tests="3" failures="0" timestamp="07 May 2020 09:21:57 GMT" time="113.548" errors="0">
  <testcase name="VerifyHomePageTitleTest" time="44.538" classname="com.product.qa.testcases.HomePageTest"/>
  <testcase name="VerifyMzLogotest" time="38.295" classname="com.product.qa.testcases.HomePageTest"/>
  <testcase name="VerifyCoursesLinkTest" time="30.715" classname="com.product.qa.testcases.HomePageTest"/>
</testsuite> <!-- com.product.qa.testcases.HomePageTest -->
