<?xml version="1.0" encoding="UTF-8"?>
<!-- Generated by org.testng.reporters.JUnitReportReporter -->
<testsuite skipped="0" hostname="mpatil" name="com.product.qa.testcases.FeedbackTest" tests="1" failures="0" timestamp="18 Aug 2020 13:32:26 GMT" time="75.366" errors="0">
  <testcase name="FeedbackLabelTest" time="75.366" classname="com.product.qa.testcases.FeedbackTest"/>
</testsuite> <!-- com.product.qa.testcases.FeedbackTest -->
