<?xml version="1.0" encoding="UTF-8"?>
<!-- Generated by org.testng.reporters.JUnitReportReporter -->
<testsuite skipped="2" hostname="mpatil" name="com.product.qa.testcases.FeedbackTest" tests="3" failures="0" timestamp="26 Mar 2020 09:11:50 GMT" time="62.330" errors="0">
  <testcase name="submitFeedbackTest" time="62.330" classname="com.product.qa.testcases.FeedbackTest"/>
  <testcase name="validateFeedbackLabelTest" classname="com.product.qa.testcases.FeedbackTest">
    <skipped/>
  </testcase> <!-- validateFeedbackLabelTest -->
  <testcase name="cancelButtonTest" classname="com.product.qa.testcases.FeedbackTest">
    <skipped/>
  </testcase> <!-- cancelButtonTest -->
</testsuite> <!-- com.product.qa.testcases.FeedbackTest -->
