<?xml version="1.0" encoding="UTF-8"?>
<!-- Generated by org.testng.reporters.JUnitReportReporter -->
<testsuite skipped="0" hostname="mpatil" name="com.product.qa.testcases.CoursesPageTest" tests="13" failures="0" timestamp="18 May 2020 11:36:30 GMT" time="820.650" errors="0">
  <testcase name="VerifyCoursesPageFilterLinksTest" time="55.910" classname="com.product.qa.testcases.CoursesPageTest"/>
  <testcase name="VerifyCoursesPageLabelTest" time="56.882" classname="com.product.qa.testcases.CoursesPageTest"/>
  <testcase name="VerifyCoursesSessionTest" time="68.973" classname="com.product.qa.testcases.CoursesPageTest"/>
  <testcase name="VerifyCoursesSessionTest" time="59.456" classname="com.product.qa.testcases.CoursesPageTest"/>
  <testcase name="VerifyCoursesSessionTest" time="60.444" classname="com.product.qa.testcases.CoursesPageTest"/>
  <testcase name="VerifyCoursesSessionTest" time="64.989" classname="com.product.qa.testcases.CoursesPageTest"/>
  <testcase name="VerifyCoursesSessionTest" time="63.102" classname="com.product.qa.testcases.CoursesPageTest"/>
  <testcase name="VerifyCoursesSessionTest" time="71.580" classname="com.product.qa.testcases.CoursesPageTest"/>
  <testcase name="VerifyCoursesSessionTest" time="64.033" classname="com.product.qa.testcases.CoursesPageTest"/>
  <testcase name="VerifyCoursesSessionTest" time="64.821" classname="com.product.qa.testcases.CoursesPageTest"/>
  <testcase name="VerifyCoursesSessionTest" time="65.940" classname="com.product.qa.testcases.CoursesPageTest"/>
  <testcase name="VerifyCoursesSessionTest" time="61.953" classname="com.product.qa.testcases.CoursesPageTest"/>
  <testcase name="VerifyCoursesSessionTest" time="62.567" classname="com.product.qa.testcases.CoursesPageTest"/>
</testsuite> <!-- com.product.qa.testcases.CoursesPageTest -->
