<?xml version="1.0" encoding="UTF-8"?>
<!-- Generated by org.testng.reporters.JUnitReportReporter -->
<testsuite skipped="0" hostname="mpatil" name="com.product.qa.testcases.FeedbackTest" tests="5" failures="0" timestamp="07 May 2020 08:04:49 GMT" time="282.039" errors="0">
  <testcase name="FeedbackLabelTest" time="45.064" classname="com.product.qa.testcases.FeedbackTest"/>
  <testcase name="cancelButtonTest" time="52.530" classname="com.product.qa.testcases.FeedbackTest"/>
  <testcase name="submitFeedbackWith500CharecterTest" time="88.116" classname="com.product.qa.testcases.FeedbackTest"/>
  <testcase name="submitFeedbackWith501CharecterTest" time="56.514" classname="com.product.qa.testcases.FeedbackTest"/>
  <testcase name="CharecterLimitTest" time="39.815" classname="com.product.qa.testcases.FeedbackTest"/>
</testsuite> <!-- com.product.qa.testcases.FeedbackTest -->
