<?xml version="1.0" encoding="UTF-8"?>
<!-- Generated by org.testng.reporters.JUnitReportReporter -->
<testsuite skipped="0" hostname="mpatil" name="com.product.qa.testcases.EventsPageTest" tests="2" failures="0" timestamp="16 Apr 2020 12:48:56 GMT" time="187.098" errors="0">
  <testcase name="VerifyEventTest" time="105.559" classname="com.product.qa.testcases.EventsPageTest"/>
  <testcase name="VerifyEventPageFilterLinksTest" time="81.539" classname="com.product.qa.testcases.EventsPageTest"/>
</testsuite> <!-- com.product.qa.testcases.EventsPageTest -->
