<?xml version="1.0" encoding="UTF-8"?>
<!-- Generated by org.testng.reporters.JUnitReportReporter -->
<testsuite skipped="4" hostname="mpatil" name="com.product.qa.testcases.ChangePasswordTest" tests="5" failures="0" timestamp="26 Mar 2020 13:06:31 GMT" time="38.714" errors="0">
  <testcase name="verifyPleasereEnterPasswordTextTest" time="38.714" classname="com.product.qa.testcases.ChangePasswordTest"/>
  <testcase name="verifyPleaseEnterValidPasswordtextTest" classname="com.product.qa.testcases.ChangePasswordTest">
    <skipped/>
  </testcase> <!-- verifyPleaseEnterValidPasswordtextTest -->
  <testcase name="validatePasswordLabelTest" classname="com.product.qa.testcases.ChangePasswordTest">
    <skipped/>
  </testcase> <!-- validatePasswordLabelTest -->
  <testcase name="VerifyChangePasswordTest" classname="com.product.qa.testcases.ChangePasswordTest">
    <skipped/>
  </testcase> <!-- VerifyChangePasswordTest -->
  <testcase name="verifyChangePasswordTest" classname="com.product.qa.testcases.ChangePasswordTest">
    <skipped/>
  </testcase> <!-- verifyChangePasswordTest -->
</testsuite> <!-- com.product.qa.testcases.ChangePasswordTest -->
