<?xml version="1.0" encoding="UTF-8"?>
<!-- Generated by org.testng.reporters.JUnitReportReporter -->
<testsuite skipped="0" hostname="mpatil" name="com.product.qa.testcases.HomePageTest" tests="3" failures="0" timestamp="08 Aug 2020 14:26:54 GMT" time="182.589" errors="0">
  <testcase name="VerifyHomePageTitleTest" time="70.522" classname="com.product.qa.testcases.HomePageTest"/>
  <testcase name="VerifyMzLogotest" time="58.055" classname="com.product.qa.testcases.HomePageTest"/>
  <testcase name="VerifyCoursesLinkTest" time="54.012" classname="com.product.qa.testcases.HomePageTest"/>
</testsuite> <!-- com.product.qa.testcases.HomePageTest -->
