<?xml version="1.0" encoding="UTF-8"?>
<!-- Generated by org.testng.reporters.JUnitReportReporter -->
<testsuite skipped="0" hostname="mpatil" name="com.product.qa.testcases.DashboardPageTest" tests="11" failures="0" timestamp="07 May 2020 09:19:15 GMT" time="559.309" errors="0">
  <testcase name="courseCountTest" time="56.083" classname="com.product.qa.testcases.DashboardPageTest"/>
  <testcase name="BlogsCountTest" time="51.086" classname="com.product.qa.testcases.DashboardPageTest"/>
  <testcase name="EventsCountTest" time="54.558" classname="com.product.qa.testcases.DashboardPageTest"/>
  <testcase name="resumeButtonTest" time="54.414" classname="com.product.qa.testcases.DashboardPageTest"/>
  <testcase name="LearnigPathLabelTest" time="44.276" classname="com.product.qa.testcases.DashboardPageTest"/>
  <testcase name="upcomingEventLabelTest" time="45.547" classname="com.product.qa.testcases.DashboardPageTest"/>
  <testcase name="verifyEventOpenTest" time="59.255" classname="com.product.qa.testcases.DashboardPageTest"/>
  <testcase name="EventViewAllBtnTest" time="46.866" classname="com.product.qa.testcases.DashboardPageTest"/>
  <testcase name="BlogsLabelTest" time="39.531" classname="com.product.qa.testcases.DashboardPageTest"/>
  <testcase name="BlogsOpenTest" time="55.786" classname="com.product.qa.testcases.DashboardPageTest"/>
  <testcase name="BlogsViewAllBtnTest" time="51.907" classname="com.product.qa.testcases.DashboardPageTest"/>
</testsuite> <!-- com.product.qa.testcases.DashboardPageTest -->
