<?xml version="1.0" encoding="UTF-8"?>
<!-- Generated by org.testng.reporters.JUnitReportReporter -->
<testsuite skipped="0" hostname="mpatil" name="com.product.qa.testcases.ChangePasswordTest" tests="6" failures="0" timestamp="18 May 2020 11:36:30 GMT" time="353.049" errors="0">
  <testcase name="verifyPasswordLabelTest" time="68.200" classname="com.product.qa.testcases.ChangePasswordTest"/>
  <testcase name="verifyChangePasswordTest" time="61.494" classname="com.product.qa.testcases.ChangePasswordTest"/>
  <testcase name="VerifyChangePasswordTextTest" time="58.446" classname="com.product.qa.testcases.ChangePasswordTest"/>
  <testcase name="verifyPleaseEnterValidPasswordtextTest" time="71.051" classname="com.product.qa.testcases.ChangePasswordTest"/>
  <testcase name="verifyPleaseReEnterPasswordTextTest" time="47.057" classname="com.product.qa.testcases.ChangePasswordTest"/>
  <testcase name="verifyPasswordMisMatchTextTest" time="46.801" classname="com.product.qa.testcases.ChangePasswordTest"/>
</testsuite> <!-- com.product.qa.testcases.ChangePasswordTest -->
