<?xml version="1.0" encoding="UTF-8"?>
<!-- Generated by org.testng.reporters.JUnitReportReporter -->
<testsuite skipped="0" hostname="mpatil" name="com.product.qa.testcases.HelpTest" tests="2" failures="0" timestamp="19 Aug 2020 13:51:39 GMT" time="163.157" errors="0">
  <testcase name="verifyPleaseEnterYourMessage" time="76.229" classname="com.product.qa.testcases.HelpTest"/>
  <testcase name="VerifyContactUsTest" time="86.928" classname="com.product.qa.testcases.HelpTest"/>
</testsuite> <!-- com.product.qa.testcases.HelpTest -->
