<?xml version="1.0" encoding="UTF-8"?>
<!-- Generated by org.testng.reporters.JUnitReportReporter -->
<testsuite skipped="0" hostname="mpatil" name="com.product.qa.testcases.CoursesPageTest" tests="13" failures="0" timestamp="16 Apr 2020 12:17:26 GMT" time="749.939" errors="0">
  <testcase name="VerifyCoursesPageFilterLinksTest" time="235.199" classname="com.product.qa.testcases.CoursesPageTest"/>
  <testcase name="VerifyCoursesPageLabelTest" time="30.593" classname="com.product.qa.testcases.CoursesPageTest"/>
  <testcase name="VerifyCoursesSessionTest" time="38.848" classname="com.product.qa.testcases.CoursesPageTest"/>
  <testcase name="VerifyCoursesSessionTest" time="39.928" classname="com.product.qa.testcases.CoursesPageTest"/>
  <testcase name="VerifyCoursesSessionTest" time="46.824" classname="com.product.qa.testcases.CoursesPageTest"/>
  <testcase name="VerifyCoursesSessionTest" time="46.222" classname="com.product.qa.testcases.CoursesPageTest"/>
  <testcase name="VerifyCoursesSessionTest" time="51.875" classname="com.product.qa.testcases.CoursesPageTest"/>
  <testcase name="VerifyCoursesSessionTest" time="44.196" classname="com.product.qa.testcases.CoursesPageTest"/>
  <testcase name="VerifyCoursesSessionTest" time="40.341" classname="com.product.qa.testcases.CoursesPageTest"/>
  <testcase name="VerifyCoursesSessionTest" time="38.098" classname="com.product.qa.testcases.CoursesPageTest"/>
  <testcase name="VerifyCoursesSessionTest" time="49.436" classname="com.product.qa.testcases.CoursesPageTest"/>
  <testcase name="VerifyCoursesSessionTest" time="47.827" classname="com.product.qa.testcases.CoursesPageTest"/>
  <testcase name="VerifyCoursesSessionTest" time="40.552" classname="com.product.qa.testcases.CoursesPageTest"/>
</testsuite> <!-- com.product.qa.testcases.CoursesPageTest -->
