<?xml version="1.0" encoding="UTF-8"?>
<!-- Generated by org.testng.reporters.JUnitReportReporter -->
<testsuite skipped="1" hostname="mpatil" name="com.product.qa.testcases.LoginTest" tests="4" failures="0" timestamp="19 Aug 2020 07:37:08 GMT" time="91.654" errors="0">
  <testcase name="LoginPageTitletest" time="24.077" classname="com.product.qa.testcases.LoginTest"/>
  <testcase name="MzLogoImagetest" time="28.466" classname="com.product.qa.testcases.LoginTest"/>
  <testcase name="ValidateLogin" time="39.111" classname="com.product.qa.testcases.LoginTest"/>
  <testcase name="ValidateForgotPassword" classname="com.product.qa.testcases.LoginTest">
    <skipped/>
  </testcase> <!-- ValidateForgotPassword -->
</testsuite> <!-- com.product.qa.testcases.LoginTest -->
