<?xml version="1.0" encoding="UTF-8"?>
<!-- Generated by org.testng.reporters.JUnitReportReporter -->
<testsuite skipped="1" hostname="mpatil" name="com.product.qa.testcases.LoginTest" tests="4" failures="0" timestamp="18 May 2020 11:36:30 GMT" time="122.186" errors="0">
  <testcase name="LoginPageTitletest" time="48.496" classname="com.product.qa.testcases.LoginTest"/>
  <testcase name="MzLogoImagetest" time="33.913" classname="com.product.qa.testcases.LoginTest"/>
  <testcase name="ValidateLogin" time="39.777" classname="com.product.qa.testcases.LoginTest"/>
  <testcase name="ValidateForgotPassword" classname="com.product.qa.testcases.LoginTest">
    <skipped/>
  </testcase> <!-- ValidateForgotPassword -->
</testsuite> <!-- com.product.qa.testcases.LoginTest -->
