<?xml version="1.0" encoding="UTF-8"?>
<!-- Generated by org.testng.reporters.JUnitReportReporter -->
<testsuite skipped="1" hostname="mpatil" name="com.product.qa.testcases.LoginTest" tests="3" failures="0" timestamp="18 Aug 2020 13:32:26 GMT" time="76.310" errors="0">
  <testcase name="LoginPageTitletest" time="45.487" classname="com.product.qa.testcases.LoginTest"/>
  <testcase name="MzLogoImagetest" time="30.823" classname="com.product.qa.testcases.LoginTest"/>
  <testcase name="ValidateForgotPassword" classname="com.product.qa.testcases.LoginTest">
    <skipped/>
  </testcase> <!-- ValidateForgotPassword -->
</testsuite> <!-- com.product.qa.testcases.LoginTest -->
