<?xml version="1.0" encoding="UTF-8"?>
<!-- Generated by org.testng.reporters.JUnitReportReporter -->
<testsuite skipped="2" hostname="mpatil" name="com.product.qa.testcases.MyProfileTest" tests="4" failures="0" timestamp="13 Aug 2020 08:41:17 GMT" time="148.502" errors="0">
  <testcase name="verifyBesicDetailTest" time="77.580" classname="com.product.qa.testcases.MyProfileTest"/>
  <testcase name="verifyContactInformationTest" time="70.922" classname="com.product.qa.testcases.MyProfileTest"/>
  <testcase name="ValidateRemoveImageTest" classname="com.product.qa.testcases.MyProfileTest">
    <skipped/>
  </testcase> <!-- ValidateRemoveImageTest -->
  <testcase name="ValidateUpdateProfileTest" classname="com.product.qa.testcases.MyProfileTest">
    <skipped/>
  </testcase> <!-- ValidateUpdateProfileTest -->
</testsuite> <!-- com.product.qa.testcases.MyProfileTest -->
