<?xml version="1.0" encoding="UTF-8"?>
<!-- Generated by org.testng.reporters.JUnitReportReporter -->
<testsuite skipped="11" hostname="rchauhan" name="com.product.qa.testcases.CoursesPageTest" tests="14" failures="1" timestamp="2020-03-30T21:35:48 IST" time="131.467" errors="1">
  <testcase name="setup" time="81.133" classname="com.product.qa.testcases.CoursesPageTest">
    <error type="org.openqa.selenium.TimeoutException" message="timeout
  (Session info: chrome=80.0.3987.149)
Build info: version: &#039;3.141.59&#039;, revision: &#039;e82be7d358&#039;, time: &#039;2018-11-14T08:17:03&#039;
System info: host: &#039;RCHAUHAN&#039;, ip: &#039;192.168.1.100&#039;, os.name: &#039;Windows 10&#039;, os.arch: &#039;amd64&#039;, os.version: &#039;10.0&#039;, java.version: &#039;1.8.0_211&#039;
Driver info: org.openqa.selenium.chrome.ChromeDriver
Capabilities {acceptInsecureCerts: false, browserName: chrome, browserVersion: 80.0.3987.149, chrome: {chromedriverVersion: 79.0.3945.36 (3582db32b3389..., userDataDir: C:\Users\RUSHIK~1\AppData\L...}, goog:chromeOptions: {debuggerAddress: localhost:53518}, javascriptEnabled: true, networkConnectionEnabled: false, pageLoadStrategy: normal, platform: WINDOWS, platformName: WINDOWS, proxy: Proxy(), setWindowRect: true, strictFileInteractability: false, timeouts: {implicit: 0, pageLoad: 300000, script: 30000}, unhandledPromptBehavior: dismiss and notify}
Session ID: 0e0c99e585a03916a91093d9e56f9201">
      <![CDATA[org.openqa.selenium.TimeoutException: timeout
  (Session info: chrome=80.0.3987.149)
Build info: version: '3.141.59', revision: 'e82be7d358', time: '2018-11-14T08:17:03'
System info: host: 'RCHAUHAN', ip: '192.168.1.100', os.name: 'Windows 10', os.arch: 'amd64', os.version: '10.0', java.version: '1.8.0_211'
Driver info: org.openqa.selenium.chrome.ChromeDriver
Capabilities {acceptInsecureCerts: false, browserName: chrome, browserVersion: 80.0.3987.149, chrome: {chromedriverVersion: 79.0.3945.36 (3582db32b3389..., userDataDir: C:\Users\RUSHIK~1\AppData\L...}, goog:chromeOptions: {debuggerAddress: localhost:53518}, javascriptEnabled: true, networkConnectionEnabled: false, pageLoadStrategy: normal, platform: WINDOWS, platformName: WINDOWS, proxy: Proxy(), setWindowRect: true, strictFileInteractability: false, timeouts: {implicit: 0, pageLoad: 300000, script: 30000}, unhandledPromptBehavior: dismiss and notify}
Session ID: 0e0c99e585a03916a91093d9e56f9201
at sun.reflect.NativeConstructorAccessorImpl.newInstance0(Native Method)
at sun.reflect.NativeConstructorAccessorImpl.newInstance(Unknown Source)
at sun.reflect.DelegatingConstructorAccessorImpl.newInstance(Unknown Source)
at java.lang.reflect.Constructor.newInstance(Unknown Source)
at org.openqa.selenium.remote.http.W3CHttpResponseCodec.createException(W3CHttpResponseCodec.java:187)
at org.openqa.selenium.remote.http.W3CHttpResponseCodec.decode(W3CHttpResponseCodec.java:122)
at org.openqa.selenium.remote.http.W3CHttpResponseCodec.decode(W3CHttpResponseCodec.java:49)
at org.openqa.selenium.remote.HttpCommandExecutor.execute(HttpCommandExecutor.java:158)
at org.openqa.selenium.remote.service.DriverCommandExecutor.execute(DriverCommandExecutor.java:83)
at org.openqa.selenium.remote.RemoteWebDriver.execute(RemoteWebDriver.java:552)
at org.openqa.selenium.remote.RemoteWebDriver.get(RemoteWebDriver.java:277)
at com.product.qa.base.TestBase.initialization(TestBase.java:81)
at com.product.qa.testcases.CoursesPageTest.setup(CoursesPageTest.java:29)
at sun.reflect.NativeMethodAccessorImpl.invoke0(Native Method)
at sun.reflect.NativeMethodAccessorImpl.invoke(Unknown Source)
at sun.reflect.DelegatingMethodAccessorImpl.invoke(Unknown Source)
at java.lang.reflect.Method.invoke(Unknown Source)
at org.testng.internal.MethodInvocationHelper.invokeMethod(MethodInvocationHelper.java:131)
at org.testng.internal.MethodInvocationHelper.invokeMethodConsideringTimeout(MethodInvocationHelper.java:61)
at org.testng.internal.ConfigInvoker.invokeConfigurationMethod(ConfigInvoker.java:340)
at org.testng.internal.ConfigInvoker.invokeConfigurations(ConfigInvoker.java:294)
at org.testng.internal.TestInvoker.runConfigMethods(TestInvoker.java:669)
at org.testng.internal.TestInvoker.invokeMethod(TestInvoker.java:496)
at org.testng.internal.TestInvoker.invokeTestMethod(TestInvoker.java:170)
at org.testng.internal.MethodRunner.runInSequence(MethodRunner.java:46)
at org.testng.internal.TestInvoker$MethodInvocationAgent.invoke(TestInvoker.java:790)
at org.testng.internal.TestInvoker.invokeTestMethods(TestInvoker.java:143)
at org.testng.internal.TestMethodWorker.invokeTestMethods(TestMethodWorker.java:146)
at org.testng.internal.TestMethodWorker.run(TestMethodWorker.java:128)
at org.testng.TestRunner.privateRun(TestRunner.java:763)
at org.testng.TestRunner.run(TestRunner.java:594)
at org.testng.SuiteRunner.runTest(SuiteRunner.java:398)
at org.testng.SuiteRunner.runSequentially(SuiteRunner.java:392)
at org.testng.SuiteRunner.privateRun(SuiteRunner.java:355)
at org.testng.SuiteRunner.run(SuiteRunner.java:304)
at org.testng.SuiteRunnerWorker.runSuite(SuiteRunnerWorker.java:53)
at org.testng.SuiteRunnerWorker.run(SuiteRunnerWorker.java:96)
at org.testng.TestNG.runSuitesSequentially(TestNG.java:1146)
at org.testng.TestNG.runSuitesLocally(TestNG.java:1067)
at org.testng.TestNG.runSuites(TestNG.java:997)
at org.testng.TestNG.run(TestNG.java:965)
at org.testng.remote.AbstractRemoteTestNG.run(AbstractRemoteTestNG.java:115)
at org.testng.remote.RemoteTestNG.initAndRun(RemoteTestNG.java:251)
at org.testng.remote.RemoteTestNG.main(RemoteTestNG.java:77)
]]>
    </error>
  </testcase> <!-- setup -->
  <testcase name="VerifyCoursesTest" time="24.333" classname="com.product.qa.testcases.CoursesPageTest">
    <skipped/>
  </testcase> <!-- VerifyCoursesTest -->
  <testcase name="VerifyCoursesTest" time="0.000" classname="com.product.qa.testcases.CoursesPageTest">
    <skipped/>
  </testcase> <!-- VerifyCoursesTest -->
  <testcase name="VerifyCoursesTest" time="10.873" classname="com.product.qa.testcases.CoursesPageTest"/>
  <testcase name="VerifyCoursesTest" time="0.000" classname="com.product.qa.testcases.CoursesPageTest">
    <skipped/>
  </testcase> <!-- VerifyCoursesTest -->
  <testcase name="VerifyCoursesTest" time="15.128" classname="com.product.qa.testcases.CoursesPageTest">
    <failure type="java.lang.AssertionError" message="Not Matched">
      <![CDATA[java.lang.AssertionError: Not Matched
at org.testng.Assert.fail(Assert.java:97)
at com.product.qa.pages.CoursesPage.VerifyCourses(CoursesPage.java:107)
at com.product.qa.testcases.CoursesPageTest.VerifyCoursesTest(CoursesPageTest.java:53)
at sun.reflect.NativeMethodAccessorImpl.invoke0(Native Method)
at sun.reflect.NativeMethodAccessorImpl.invoke(Unknown Source)
at sun.reflect.DelegatingMethodAccessorImpl.invoke(Unknown Source)
at java.lang.reflect.Method.invoke(Unknown Source)
at org.testng.internal.MethodInvocationHelper.invokeMethod(MethodInvocationHelper.java:131)
at org.testng.internal.TestInvoker.invokeMethod(TestInvoker.java:570)
at org.testng.internal.TestInvoker.invokeTestMethod(TestInvoker.java:170)
at org.testng.internal.MethodRunner.runInSequence(MethodRunner.java:46)
at org.testng.internal.TestInvoker$MethodInvocationAgent.invoke(TestInvoker.java:790)
at org.testng.internal.TestInvoker.invokeTestMethods(TestInvoker.java:143)
at org.testng.internal.TestMethodWorker.invokeTestMethods(TestMethodWorker.java:146)
at org.testng.internal.TestMethodWorker.run(TestMethodWorker.java:128)
at org.testng.TestRunner.privateRun(TestRunner.java:763)
at org.testng.TestRunner.run(TestRunner.java:594)
at org.testng.SuiteRunner.runTest(SuiteRunner.java:398)
at org.testng.SuiteRunner.runSequentially(SuiteRunner.java:392)
at org.testng.SuiteRunner.privateRun(SuiteRunner.java:355)
at org.testng.SuiteRunner.run(SuiteRunner.java:304)
at org.testng.SuiteRunnerWorker.runSuite(SuiteRunnerWorker.java:53)
at org.testng.SuiteRunnerWorker.run(SuiteRunnerWorker.java:96)
at org.testng.TestNG.runSuitesSequentially(TestNG.java:1146)
at org.testng.TestNG.runSuitesLocally(TestNG.java:1067)
at org.testng.TestNG.runSuites(TestNG.java:997)
at org.testng.TestNG.run(TestNG.java:965)
at org.testng.remote.AbstractRemoteTestNG.run(AbstractRemoteTestNG.java:115)
at org.testng.remote.RemoteTestNG.initAndRun(RemoteTestNG.java:251)
at org.testng.remote.RemoteTestNG.main(RemoteTestNG.java:77)
]]>
    </failure>
  </testcase> <!-- VerifyCoursesTest -->
  <testcase name="VerifyCoursesTest" time="0.000" classname="com.product.qa.testcases.CoursesPageTest">
    <skipped/>
  </testcase> <!-- VerifyCoursesTest -->
  <testcase name="VerifyCoursesTest" time="0.000" classname="com.product.qa.testcases.CoursesPageTest">
    <skipped/>
  </testcase> <!-- VerifyCoursesTest -->
  <testcase name="VerifyCoursesTest" time="0.000" classname="com.product.qa.testcases.CoursesPageTest">
    <skipped/>
  </testcase> <!-- VerifyCoursesTest -->
  <testcase name="VerifyCoursesTest" time="0.000" classname="com.product.qa.testcases.CoursesPageTest">
    <skipped/>
  </testcase> <!-- VerifyCoursesTest -->
  <testcase name="VerifyCoursesTest" time="0.000" classname="com.product.qa.testcases.CoursesPageTest">
    <skipped/>
  </testcase> <!-- VerifyCoursesTest -->
  <testcase name="VerifyCoursesTest" time="0.000" classname="com.product.qa.testcases.CoursesPageTest">
    <skipped/>
  </testcase> <!-- VerifyCoursesTest -->
  <testcase name="VerifyCoursesPageLabelTest" classname="com.product.qa.testcases.CoursesPageTest">
    <skipped/>
  </testcase> <!-- VerifyCoursesPageLabelTest -->
  <testcase name="VerifyCoursesPageFilterLinksTest" classname="com.product.qa.testcases.CoursesPageTest">
    <skipped/>
  </testcase> <!-- VerifyCoursesPageFilterLinksTest -->
</testsuite> <!-- com.product.qa.testcases.CoursesPageTest -->
