<?xml version="1.0" encoding="UTF-8"?>
<!-- Generated by org.testng.reporters.JUnitReportReporter -->
<testsuite skipped="2" hostname="mpatil" name="com.product.qa.testcases.BlogsPageTest" tests="10" failures="0" timestamp="04 Aug 2020 01:30:08 GMT" time="613.202" errors="0">
  <testcase name="verifyBlogLabelTest" time="69.628" classname="com.product.qa.testcases.BlogsPageTest"/>
  <testcase name="verifyBlogopenByLinkTest" time="60.439" classname="com.product.qa.testcases.BlogsPageTest"/>
  <testcase name="verifyReadMoreBtnTest" time="71.146" classname="com.product.qa.testcases.BlogsPageTest"/>
  <testcase name="relatedTagsOpenTest" time="86.508" classname="com.product.qa.testcases.BlogsPageTest"/>
  <testcase name="addingCommentTest" time="81.570" classname="com.product.qa.testcases.BlogsPageTest"/>
  <testcase name="EditCommentTest" time="77.799" classname="com.product.qa.testcases.BlogsPageTest"/>
  <testcase name="deleteCommentTest" time="82.143" classname="com.product.qa.testcases.BlogsPageTest"/>
  <testcase name="AbusingWordTest" time="83.969" classname="com.product.qa.testcases.BlogsPageTest"/>
  <testcase name="relatedEventsOpenTest" classname="com.product.qa.testcases.BlogsPageTest">
    <skipped/>
  </testcase> <!-- relatedEventsOpenTest -->
  <testcase name="relatedCourseOpenTest" classname="com.product.qa.testcases.BlogsPageTest">
    <skipped/>
  </testcase> <!-- relatedCourseOpenTest -->
</testsuite> <!-- com.product.qa.testcases.BlogsPageTest -->
