<?xml version="1.0" encoding="UTF-8"?>
<!-- Generated by org.testng.reporters.JUnitReportReporter -->
<testsuite skipped="0" hostname="mpatil" name="com.product.qa.testcases.BlogsPageTest" tests="1" failures="0" timestamp="23 Apr 2020 09:43:28 GMT" time="51.490" errors="0">
  <testcase name="verifyBlogLabelTest" time="51.490" classname="com.product.qa.testcases.BlogsPageTest"/>
</testsuite> <!-- com.product.qa.testcases.BlogsPageTest -->
