<?xml version="1.0" encoding="UTF-8"?>
<!-- Generated by org.testng.reporters.JUnitReportReporter -->
<testsuite skipped="0" hostname="mpatil" name="com.product.qa.testcases.HomePageTest" tests="1" failures="0" timestamp="18 Aug 2020 13:32:26 GMT" time="51.932" errors="0">
  <testcase name="VerifyHomePageTitleTest" time="51.932" classname="com.product.qa.testcases.HomePageTest"/>
</testsuite> <!-- com.product.qa.testcases.HomePageTest -->
