<?xml version="1.0" encoding="UTF-8"?>
<!-- Generated by org.testng.reporters.JUnitReportReporter -->
<testsuite skipped="1" hostname="mpatil" name="com.product.qa.testcases.MyEventsTest" tests="2" failures="0" timestamp="30 Mar 2020 10:49:55 GMT" time="34.523" errors="0">
  <testcase name="VerifyEventTab" time="34.523" classname="com.product.qa.testcases.MyEventsTest"/>
  <testcase name="verifyMyEvents" classname="com.product.qa.testcases.MyEventsTest">
    <skipped/>
  </testcase> <!-- verifyMyEvents -->
</testsuite> <!-- com.product.qa.testcases.MyEventsTest -->
