<?xml version="1.0" encoding="UTF-8"?>
<!-- Generated by org.testng.reporters.JUnitReportReporter -->
<testsuite skipped="0" hostname="mpatil" name="com.product.qa.testcases.HomePageTest" tests="3" failures="0" timestamp="04 Aug 2020 01:19:17 GMT" time="112.037" errors="0">
  <testcase name="VerifyHomePageTitleTest" time="38.030" classname="com.product.qa.testcases.HomePageTest"/>
  <testcase name="VerifyMzLogotest" time="39.868" classname="com.product.qa.testcases.HomePageTest"/>
  <testcase name="VerifyCoursesLinkTest" time="34.139" classname="com.product.qa.testcases.HomePageTest"/>
</testsuite> <!-- com.product.qa.testcases.HomePageTest -->
