<?xml version="1.0" encoding="UTF-8"?>
<!-- Generated by org.testng.reporters.JUnitReportReporter -->
<testsuite skipped="0" hostname="mpatil" name="com.product.qa.testcases.CoursesPageTest" tests="4" failures="0" timestamp="19 Aug 2020 13:57:22 GMT" time="244.974" errors="0">
  <testcase name="VerifyCoursesPageFilterLinksTest" time="47.005" classname="com.product.qa.testcases.CoursesPageTest"/>
  <testcase name="VerifyCoursesPageLabelTest" time="64.223" classname="com.product.qa.testcases.CoursesPageTest"/>
  <testcase name="VerifyCoursesReviewTest" time="51.706" classname="com.product.qa.testcases.CoursesPageTest"/>
  <testcase name="VerifyDoubtTest" time="82.040" classname="com.product.qa.testcases.CoursesPageTest"/>
</testsuite> <!-- com.product.qa.testcases.CoursesPageTest -->
