<?xml version="1.0" encoding="UTF-8"?>
<!-- Generated by org.testng.reporters.JUnitReportReporter -->
<testsuite skipped="1" hostname="mpatil" name="com.product.qa.testcases.DashboardPageTest" tests="12" failures="0" timestamp="16 Apr 2020 10:25:31 GMT" time="548.082" errors="0">
  <testcase name="courseCountTest" time="49.269" classname="com.product.qa.testcases.DashboardPageTest"/>
  <testcase name="BlogsCountTest" time="47.695" classname="com.product.qa.testcases.DashboardPageTest"/>
  <testcase name="EventsCountTest" time="55.266" classname="com.product.qa.testcases.DashboardPageTest"/>
  <testcase name="resumeButtonTest" time="50.011" classname="com.product.qa.testcases.DashboardPageTest"/>
  <testcase name="LearnigPathLabelTest" time="37.983" classname="com.product.qa.testcases.DashboardPageTest"/>
  <testcase name="upcomingEventLabelTest" time="40.753" classname="com.product.qa.testcases.DashboardPageTest"/>
  <testcase name="verifyEventOpenTest" time="59.468" classname="com.product.qa.testcases.DashboardPageTest"/>
  <testcase name="EventViewAllBtnTest" time="46.401" classname="com.product.qa.testcases.DashboardPageTest"/>
  <testcase name="BlogsLabelTest" time="40.257" classname="com.product.qa.testcases.DashboardPageTest"/>
  <testcase name="BlogsOpenTest" time="58.271" classname="com.product.qa.testcases.DashboardPageTest"/>
  <testcase name="BlogsViewAllBtnTest" time="62.708" classname="com.product.qa.testcases.DashboardPageTest"/>
  <testcase name="startButtonTest" classname="com.product.qa.testcases.DashboardPageTest">
    <skipped/>
  </testcase> <!-- startButtonTest -->
</testsuite> <!-- com.product.qa.testcases.DashboardPageTest -->
