<?xml version="1.0" encoding="UTF-8"?>
<!-- Generated by org.testng.reporters.JUnitReportReporter -->
<testsuite skipped="2" hostname="mpatil" name="com.product.qa.testcases.MyProfileTest" tests="4" failures="0" timestamp="12 May 2020 16:42:58 GMT" time="208.524" errors="0">
  <testcase name="ValidateUpdateProfileTest" time="129.191" classname="com.product.qa.testcases.MyProfileTest"/>
  <testcase name="ValidateRemoveImageTest" time="79.333" classname="com.product.qa.testcases.MyProfileTest"/>
  <testcase name="verifyContactInformationTest" classname="com.product.qa.testcases.MyProfileTest">
    <skipped/>
  </testcase> <!-- verifyContactInformationTest -->
  <testcase name="verifyBesicDetailTest" classname="com.product.qa.testcases.MyProfileTest">
    <skipped/>
  </testcase> <!-- verifyBesicDetailTest -->
</testsuite> <!-- com.product.qa.testcases.MyProfileTest -->
