<?xml version="1.0" encoding="UTF-8"?>
<!-- Generated by org.testng.reporters.JUnitReportReporter -->
<testsuite skipped="0" hostname="mpatil" name="com.product.qa.testcases.ChangePasswordTest" tests="6" failures="0" timestamp="19 Aug 2020 07:37:08 GMT" time="304.514" errors="0">
  <testcase name="verifyPasswordLabelTest" time="44.769" classname="com.product.qa.testcases.ChangePasswordTest"/>
  <testcase name="verifyChangePasswordTest" time="45.834" classname="com.product.qa.testcases.ChangePasswordTest"/>
  <testcase name="VerifyChangePasswordTextTest" time="44.734" classname="com.product.qa.testcases.ChangePasswordTest"/>
  <testcase name="verifyPleaseEnterValidPasswordtextTest" time="62.688" classname="com.product.qa.testcases.ChangePasswordTest"/>
  <testcase name="verifyPleaseReEnterPasswordTextTest" time="62.536" classname="com.product.qa.testcases.ChangePasswordTest"/>
  <testcase name="verifyPasswordMisMatchTextTest" time="43.953" classname="com.product.qa.testcases.ChangePasswordTest"/>
</testsuite> <!-- com.product.qa.testcases.ChangePasswordTest -->
