<?xml version="1.0" encoding="UTF-8"?>
<!-- Generated by org.testng.reporters.JUnitReportReporter -->
<testsuite skipped="0" hostname="mpatil" name="com.product.qa.testcases.CoursesPageTest" tests="1" failures="0" timestamp="23 Apr 2020 09:43:27 GMT" time="238.059" errors="0">
  <testcase name="VerifyCoursesPageFilterLinksTest" time="238.059" classname="com.product.qa.testcases.CoursesPageTest"/>
</testsuite> <!-- com.product.qa.testcases.CoursesPageTest -->
