<?xml version="1.0" encoding="UTF-8"?>
<!-- Generated by org.testng.reporters.JUnitReportReporter -->
<testsuite skipped="0" hostname="mpatil" name="com.product.qa.testcases.EventsPageTest" tests="1" failures="0" timestamp="17 Apr 2020 07:03:08 GMT" time="108.782" errors="0">
  <testcase name="VerifyEventTest" time="108.782" classname="com.product.qa.testcases.EventsPageTest"/>
</testsuite> <!-- com.product.qa.testcases.EventsPageTest -->
