<?xml version="1.0" encoding="UTF-8"?>
<!-- Generated by org.testng.reporters.JUnitReportReporter -->
<testsuite skipped="1" hostname="mpatil" name="com.product.qa.testcases.LoginTest" tests="4" failures="0" timestamp="16 Apr 2020 11:20:22 GMT" time="87.496" errors="0">
  <testcase name="LoginPageTitletest" time="31.512" classname="com.product.qa.testcases.LoginTest"/>
  <testcase name="MzLogoImagetest" time="29.101" classname="com.product.qa.testcases.LoginTest"/>
  <testcase name="ValidateLogin" time="26.883" classname="com.product.qa.testcases.LoginTest"/>
  <testcase name="ValidateForgotPassword" classname="com.product.qa.testcases.LoginTest">
    <skipped/>
  </testcase> <!-- ValidateForgotPassword -->
</testsuite> <!-- com.product.qa.testcases.LoginTest -->
