<?xml version="1.0" encoding="UTF-8"?>
<!-- Generated by org.testng.reporters.JUnitReportReporter -->
<testsuite skipped="1" hostname="mpatil" name="com.product.qa.testcases.MyProfileTest" tests="2" failures="0" timestamp="23 Apr 2020 09:43:28 GMT" time="54.295" errors="0">
  <testcase name="verifyBesicDetailTest" time="54.295" classname="com.product.qa.testcases.MyProfileTest"/>
  <testcase name="ValidateRemoveImageTest" classname="com.product.qa.testcases.MyProfileTest">
    <skipped/>
  </testcase> <!-- ValidateRemoveImageTest -->
</testsuite> <!-- com.product.qa.testcases.MyProfileTest -->
