<?xml version="1.0" encoding="UTF-8"?>
<!-- Generated by org.testng.reporters.JUnitReportReporter -->
<testsuite skipped="1" hostname="mpatil" name="com.product.qa.testcases.LoginTest" tests="4" failures="0" timestamp="01 Jun 2020 11:38:45 GMT" time="109.549" errors="0">
  <testcase name="LoginPageTitletest" time="31.556" classname="com.product.qa.testcases.LoginTest"/>
  <testcase name="MzLogoImagetest" time="27.732" classname="com.product.qa.testcases.LoginTest"/>
  <testcase name="ValidateLogin" time="50.261" classname="com.product.qa.testcases.LoginTest"/>
  <testcase name="ValidateForgotPassword" classname="com.product.qa.testcases.LoginTest">
    <skipped/>
  </testcase> <!-- ValidateForgotPassword -->
</testsuite> <!-- com.product.qa.testcases.LoginTest -->
