<?xml version="1.0" encoding="UTF-8"?>
<!-- Generated by org.testng.reporters.JUnitReportReporter -->
<testsuite skipped="0" hostname="mpatil" name="com.product.qa.testcases.MyEventsTest" tests="1" failures="0" timestamp="23 Apr 2020 09:43:28 GMT" time="106.301" errors="0">
  <testcase name="VerifyMyEvent" time="106.301" classname="com.product.qa.testcases.MyEventsTest"/>
</testsuite> <!-- com.product.qa.testcases.MyEventsTest -->
