<?xml version="1.0" encoding="UTF-8"?>
<!-- Generated by org.testng.reporters.JUnitReportReporter -->
<testsuite skipped="1" hostname="mpatil" name="com.product.qa.testcases.MyProfileTest" tests="2" failures="0" timestamp="17 Apr 2020 07:03:08 GMT" time="59.363" errors="0">
  <testcase name="verifyBesicDetailTest" time="59.363" classname="com.product.qa.testcases.MyProfileTest"/>
  <testcase name="ValidateRemoveImageTest" classname="com.product.qa.testcases.MyProfileTest">
    <skipped/>
  </testcase> <!-- ValidateRemoveImageTest -->
</testsuite> <!-- com.product.qa.testcases.MyProfileTest -->
