<?xml version="1.0" encoding="UTF-8"?>
<!-- Generated by org.testng.reporters.JUnitReportReporter -->
<testsuite skipped="3" hostname="mpatil" name="com.product.qa.testcases.CoursesPageTest" tests="4" failures="0" timestamp="18 Aug 2020 09:24:33 GMT" time="109.487" errors="0">
  <testcase name="VerifyDoubtTest" time="109.487" classname="com.product.qa.testcases.CoursesPageTest"/>
  <testcase name="VerifyCoursesPageLabelTest" classname="com.product.qa.testcases.CoursesPageTest">
    <skipped/>
  </testcase> <!-- VerifyCoursesPageLabelTest -->
  <testcase name="VerifyCoursesPageFilterLinksTest" classname="com.product.qa.testcases.CoursesPageTest">
    <skipped/>
  </testcase> <!-- VerifyCoursesPageFilterLinksTest -->
  <testcase name="VerifyCoursesReviewTest" classname="com.product.qa.testcases.CoursesPageTest">
    <skipped/>
  </testcase> <!-- VerifyCoursesReviewTest -->
</testsuite> <!-- com.product.qa.testcases.CoursesPageTest -->
