<?xml version="1.0" encoding="UTF-8"?>
<!-- Generated by org.testng.reporters.JUnitReportReporter -->
<testsuite skipped="2" hostname="mpatil" name="com.product.qa.testcases.MyProfileTest" tests="3" failures="0" timestamp="27 Mar 2020 05:01:35 GMT" time="43.797" errors="0">
  <testcase name="verifyBesicDetailTest" time="43.797" classname="com.product.qa.testcases.MyProfileTest"/>
  <testcase name="verifyNumberTest" classname="com.product.qa.testcases.MyProfileTest">
    <skipped/>
  </testcase> <!-- verifyNumberTest -->
  <testcase name="verifyEmailTest" classname="com.product.qa.testcases.MyProfileTest">
    <skipped/>
  </testcase> <!-- verifyEmailTest -->
</testsuite> <!-- com.product.qa.testcases.MyProfileTest -->
