<?xml version="1.0" encoding="UTF-8"?>
<!-- Generated by org.testng.reporters.JUnitReportReporter -->
<testsuite skipped="2" hostname="mpatil" name="com.product.qa.testcases.CoursesPageTest" tests="3" failures="0" timestamp="12 May 2020 16:21:38 GMT" time="67.409" errors="0">
  <testcase name="VerifyCoursesPageFilterLinksTest" time="67.409" classname="com.product.qa.testcases.CoursesPageTest"/>
  <testcase name="VerifyCoursesPageLabelTest" classname="com.product.qa.testcases.CoursesPageTest">
    <skipped/>
  </testcase> <!-- VerifyCoursesPageLabelTest -->
  <testcase name="VerifyCoursesSessionTest" classname="com.product.qa.testcases.CoursesPageTest">
    <skipped/>
  </testcase> <!-- VerifyCoursesSessionTest -->
</testsuite> <!-- com.product.qa.testcases.CoursesPageTest -->
