<?xml version="1.0" encoding="UTF-8"?>
<!-- Generated by org.testng.reporters.JUnitReportReporter -->
<testsuite skipped="2" hostname="mpatil" name="com.product.qa.testcases.MyProfileTest" tests="4" failures="0" timestamp="04 Aug 2020 01:34:01 GMT" time="140.362" errors="0">
  <testcase name="verifyBesicDetailTest" time="68.647" classname="com.product.qa.testcases.MyProfileTest"/>
  <testcase name="verifyContactInformationTest" time="71.715" classname="com.product.qa.testcases.MyProfileTest"/>
  <testcase name="ValidateRemoveImageTest" classname="com.product.qa.testcases.MyProfileTest">
    <skipped/>
  </testcase> <!-- ValidateRemoveImageTest -->
  <testcase name="ValidateUpdateProfileTest" classname="com.product.qa.testcases.MyProfileTest">
    <skipped/>
  </testcase> <!-- ValidateUpdateProfileTest -->
</testsuite> <!-- com.product.qa.testcases.MyProfileTest -->
