<?xml version="1.0" encoding="UTF-8"?>
<!-- Generated by org.testng.reporters.JUnitReportReporter -->
<testsuite skipped="1" hostname="mpatil" name="com.product.qa.testcases.CoursesPageTest" tests="3" failures="0" timestamp="04 Aug 2020 09:42:55 GMT" time="80.540" errors="0">
  <testcase name="VerifyCoursesPageFilterLinksTest" time="41.742" classname="com.product.qa.testcases.CoursesPageTest"/>
  <testcase name="VerifyCoursesPageLabelTest" time="38.798" classname="com.product.qa.testcases.CoursesPageTest"/>
  <testcase name="VerifyCoursesSessionTest" classname="com.product.qa.testcases.CoursesPageTest">
    <skipped/>
  </testcase> <!-- VerifyCoursesSessionTest -->
</testsuite> <!-- com.product.qa.testcases.CoursesPageTest -->
