<?xml version="1.0" encoding="UTF-8"?>
<!-- Generated by org.testng.reporters.JUnitReportReporter -->
<testsuite skipped="0" hostname="mpatil" name="com.product.qa.testcases.MyEventsTest" tests="1" failures="0" timestamp="16 Apr 2020 10:59:40 GMT" time="109.852" errors="0">
  <testcase name="VerifyMyEvent" time="109.852" classname="com.product.qa.testcases.MyEventsTest"/>
</testsuite> <!-- com.product.qa.testcases.MyEventsTest -->
