<?xml version="1.0" encoding="UTF-8"?>
<!-- Generated by org.testng.reporters.JUnitReportReporter -->
<testsuite skipped="0" hostname="mpatil" name="com.product.qa.testcases.HomePageTest" tests="2" failures="0" timestamp="23 Apr 2020 09:43:28 GMT" time="89.270" errors="0">
  <testcase name="VerifyHomePageTitleTest" time="42.442" classname="com.product.qa.testcases.HomePageTest"/>
  <testcase name="VerifyMzLogotest" time="46.828" classname="com.product.qa.testcases.HomePageTest"/>
</testsuite> <!-- com.product.qa.testcases.HomePageTest -->
