<?xml version="1.0" encoding="UTF-8"?>
<!-- Generated by org.testng.reporters.JUnitReportReporter -->
<testsuite skipped="0" hostname="mpatil" name="com.product.qa.testcases.HelpTest" tests="2" failures="0" timestamp="18 Aug 2020 08:11:34 GMT" time="212.274" errors="0">
  <testcase name="verifyPleaseEnterYourMessage" time="95.925" classname="com.product.qa.testcases.HelpTest"/>
  <testcase name="VerifyContactUsTest" time="116.349" classname="com.product.qa.testcases.HelpTest"/>
</testsuite> <!-- com.product.qa.testcases.HelpTest -->
