<?xml version="1.0" encoding="UTF-8"?>
<!-- Generated by org.testng.reporters.JUnitReportReporter -->
<testsuite skipped="0" hostname="mpatil" name="com.product.qa.testcases.EventsPageTest" tests="1" failures="0" timestamp="03 Apr 2020 11:06:11 GMT" time="98.469" errors="0">
  <testcase name="VerifyMyEvent" time="98.469" classname="com.product.qa.testcases.EventsPageTest"/>
</testsuite> <!-- com.product.qa.testcases.EventsPageTest -->
