<?xml version="1.0" encoding="UTF-8"?>
<!-- Generated by org.testng.reporters.JUnitReportReporter -->
<testsuite skipped="1" hostname="mpatil" name="com.product.qa.testcases.LoginTest" tests="4" failures="0" timestamp="30 Mar 2020 03:53:37 GMT" time="78.612" errors="0">
  <testcase name="LoginPageTitletest" time="31.252" classname="com.product.qa.testcases.LoginTest"/>
  <testcase name="MzLogoImagetest" time="21.808" classname="com.product.qa.testcases.LoginTest"/>
  <testcase name="ValidateLogin" time="25.552" classname="com.product.qa.testcases.LoginTest"/>
  <testcase name="ValidateForgotPassword" classname="com.product.qa.testcases.LoginTest">
    <skipped/>
  </testcase> <!-- ValidateForgotPassword -->
</testsuite> <!-- com.product.qa.testcases.LoginTest -->
