<?xml version="1.0" encoding="UTF-8"?>
<!-- Generated by org.testng.reporters.JUnitReportReporter -->
<testsuite skipped="0" hostname="mpatil" name="com.product.qa.testcases.ChangePasswordTest" tests="1" failures="0" timestamp="23 Apr 2020 09:43:28 GMT" time="39.758" errors="0">
  <testcase name="verifyPasswordLabelTest" time="39.758" classname="com.product.qa.testcases.ChangePasswordTest"/>
</testsuite> <!-- com.product.qa.testcases.ChangePasswordTest -->
