<?xml version="1.0" encoding="UTF-8"?>
<!-- Generated by org.testng.reporters.JUnitReportReporter -->
<testsuite skipped="1" hostname="mpatil" name="com.product.qa.testcases.LoginTest" tests="4" failures="0" timestamp="03 Aug 2020 07:41:13 GMT" time="89.971" errors="0">
  <testcase name="LoginPageTitletest" time="16.156" classname="com.product.qa.testcases.LoginTest"/>
  <testcase name="MzLogoImagetest" time="19.526" classname="com.product.qa.testcases.LoginTest"/>
  <testcase name="ValidateLogin" time="54.289" classname="com.product.qa.testcases.LoginTest"/>
  <testcase name="ValidateForgotPassword" classname="com.product.qa.testcases.LoginTest">
    <skipped/>
  </testcase> <!-- ValidateForgotPassword -->
</testsuite> <!-- com.product.qa.testcases.LoginTest -->
