<?xml version="1.0" encoding="UTF-8"?>
<!-- Generated by org.testng.reporters.JUnitReportReporter -->
<testsuite skipped="8" hostname="mpatil" name="com.product.qa.testcases.DashboardPageTest" tests="11" failures="0" timestamp="28 Apr 2020 08:24:27 GMT" time="180.858" errors="0">
  <testcase name="courseCountTest" time="66.317" classname="com.product.qa.testcases.DashboardPageTest"/>
  <testcase name="BlogsCountTest" time="54.242" classname="com.product.qa.testcases.DashboardPageTest"/>
  <testcase name="EventsCountTest" time="60.299" classname="com.product.qa.testcases.DashboardPageTest"/>
  <testcase name="EventViewAllBtnTest" classname="com.product.qa.testcases.DashboardPageTest">
    <skipped/>
  </testcase> <!-- EventViewAllBtnTest -->
  <testcase name="BlogsOpenTest" classname="com.product.qa.testcases.DashboardPageTest">
    <skipped/>
  </testcase> <!-- BlogsOpenTest -->
  <testcase name="verifyEventOpenTest" classname="com.product.qa.testcases.DashboardPageTest">
    <skipped/>
  </testcase> <!-- verifyEventOpenTest -->
  <testcase name="upcomingEventLabelTest" classname="com.product.qa.testcases.DashboardPageTest">
    <skipped/>
  </testcase> <!-- upcomingEventLabelTest -->
  <testcase name="BlogsViewAllBtnTest" classname="com.product.qa.testcases.DashboardPageTest">
    <skipped/>
  </testcase> <!-- BlogsViewAllBtnTest -->
  <testcase name="resumeButtonTest" classname="com.product.qa.testcases.DashboardPageTest">
    <skipped/>
  </testcase> <!-- resumeButtonTest -->
  <testcase name="BlogsLabelTest" classname="com.product.qa.testcases.DashboardPageTest">
    <skipped/>
  </testcase> <!-- BlogsLabelTest -->
  <testcase name="LearnigPathLabelTest" classname="com.product.qa.testcases.DashboardPageTest">
    <skipped/>
  </testcase> <!-- LearnigPathLabelTest -->
</testsuite> <!-- com.product.qa.testcases.DashboardPageTest -->
