<?xml version="1.0" encoding="UTF-8"?>
<!-- Generated by org.testng.reporters.JUnitReportReporter -->
<testsuite skipped="1" hostname="mpatil" name="com.product.qa.testcases.LoginTest" tests="3" failures="0" timestamp="17 Apr 2020 07:03:08 GMT" time="58.755" errors="0">
  <testcase name="LoginPageTitletest" time="22.489" classname="com.product.qa.testcases.LoginTest"/>
  <testcase name="MzLogoImagetest" time="36.266" classname="com.product.qa.testcases.LoginTest"/>
  <testcase name="ValidateForgotPassword" classname="com.product.qa.testcases.LoginTest">
    <skipped/>
  </testcase> <!-- ValidateForgotPassword -->
</testsuite> <!-- com.product.qa.testcases.LoginTest -->
