<?xml version="1.0" encoding="UTF-8"?>
<!-- Generated by org.testng.reporters.JUnitReportReporter -->
<testsuite skipped="3" hostname="mpatil" name="com.product.qa.testcases.BlogsPageTest" tests="10" failures="0" timestamp="19 Aug 2020 12:24:38 GMT" time="650.892" errors="0">
  <testcase name="verifyBlogLabelTest" time="84.953" classname="com.product.qa.testcases.BlogsPageTest"/>
  <testcase name="verifyBlogopenByLinkTest" time="70.523" classname="com.product.qa.testcases.BlogsPageTest"/>
  <testcase name="relatedTagsOpenTest" time="97.403" classname="com.product.qa.testcases.BlogsPageTest"/>
  <testcase name="addingCommentTest" time="103.942" classname="com.product.qa.testcases.BlogsPageTest"/>
  <testcase name="EditCommentTest" time="115.500" classname="com.product.qa.testcases.BlogsPageTest"/>
  <testcase name="deleteCommentTest" time="96.809" classname="com.product.qa.testcases.BlogsPageTest"/>
  <testcase name="AbusingWordTest" time="81.762" classname="com.product.qa.testcases.BlogsPageTest"/>
  <testcase name="relatedEventsOpenTest" classname="com.product.qa.testcases.BlogsPageTest">
    <skipped/>
  </testcase> <!-- relatedEventsOpenTest -->
  <testcase name="verifyReadMoreBtnTest" classname="com.product.qa.testcases.BlogsPageTest">
    <skipped/>
  </testcase> <!-- verifyReadMoreBtnTest -->
  <testcase name="relatedCourseOpenTest" classname="com.product.qa.testcases.BlogsPageTest">
    <skipped/>
  </testcase> <!-- relatedCourseOpenTest -->
</testsuite> <!-- com.product.qa.testcases.BlogsPageTest -->
