<?xml version="1.0" encoding="UTF-8"?>
<!-- Generated by org.testng.reporters.JUnitReportReporter -->
<testsuite skipped="2" hostname="mpatil" name="com.product.qa.testcases.HomePageTest" tests="3" failures="0" timestamp="18 May 2020 14:23:00 GMT" time="55.479" errors="0">
  <testcase name="VerifyMzLogotest" time="55.479" classname="com.product.qa.testcases.HomePageTest"/>
  <testcase name="VerifyCoursesLinkTest" classname="com.product.qa.testcases.HomePageTest">
    <skipped/>
  </testcase> <!-- VerifyCoursesLinkTest -->
  <testcase name="VerifyHomePageTitleTest" classname="com.product.qa.testcases.HomePageTest">
    <skipped/>
  </testcase> <!-- VerifyHomePageTitleTest -->
</testsuite> <!-- com.product.qa.testcases.HomePageTest -->
