<?xml version="1.0" encoding="UTF-8"?>
<!-- Generated by org.testng.reporters.JUnitReportReporter -->
<testsuite skipped="1" hostname="mpatil" name="com.product.qa.testcases.LoginTest" tests="4" failures="0" timestamp="07 May 2020 08:12:11 GMT" time="91.795" errors="0">
  <testcase name="LoginPageTitletest" time="31.174" classname="com.product.qa.testcases.LoginTest"/>
  <testcase name="MzLogoImagetest" time="20.511" classname="com.product.qa.testcases.LoginTest"/>
  <testcase name="ValidateLogin" time="40.110" classname="com.product.qa.testcases.LoginTest"/>
  <testcase name="ValidateForgotPassword" classname="com.product.qa.testcases.LoginTest">
    <skipped/>
  </testcase> <!-- ValidateForgotPassword -->
</testsuite> <!-- com.product.qa.testcases.LoginTest -->
