<?xml version="1.0" encoding="UTF-8"?>
<!-- Generated by org.testng.reporters.JUnitReportReporter -->
<testsuite skipped="6" hostname="mpatil" name="com.product.qa.testcases.BlogsPageTest" tests="7" failures="0" timestamp="11 Apr 2020 14:24:26 GMT" time="107.385" errors="0">
  <testcase name="EditCommentTest" time="107.385" classname="com.product.qa.testcases.BlogsPageTest"/>
  <testcase name="relatedEventsOpenTest" classname="com.product.qa.testcases.BlogsPageTest">
    <skipped/>
  </testcase> <!-- relatedEventsOpenTest -->
  <testcase name="relatedTagsOpenTest" classname="com.product.qa.testcases.BlogsPageTest">
    <skipped/>
  </testcase> <!-- relatedTagsOpenTest -->
  <testcase name="relatedCourseOpenTest" classname="com.product.qa.testcases.BlogsPageTest">
    <skipped/>
  </testcase> <!-- relatedCourseOpenTest -->
  <testcase name="verifyReadMoreBtnTest" classname="com.product.qa.testcases.BlogsPageTest">
    <skipped/>
  </testcase> <!-- verifyReadMoreBtnTest -->
  <testcase name="addingCommentTest" classname="com.product.qa.testcases.BlogsPageTest">
    <skipped/>
  </testcase> <!-- addingCommentTest -->
  <testcase name="verifyBlogopenByLinkTest" classname="com.product.qa.testcases.BlogsPageTest">
    <skipped/>
  </testcase> <!-- verifyBlogopenByLinkTest -->
</testsuite> <!-- com.product.qa.testcases.BlogsPageTest -->
