<?xml version="1.0" encoding="UTF-8"?>
<!-- Generated by org.testng.reporters.JUnitReportReporter -->
<testsuite skipped="0" hostname="mpatil" name="com.product.qa.testcases.FeedbackTest" tests="5" failures="0" timestamp="31 Mar 2020 12:03:35 GMT" time="233.823" errors="0">
  <testcase name="validateFeedbackLabelTest" time="42.778" classname="com.product.qa.testcases.FeedbackTest"/>
  <testcase name="cancelButtonTest" time="47.691" classname="com.product.qa.testcases.FeedbackTest"/>
  <testcase name="submitFeedbackWith500CharecterTest" time="50.718" classname="com.product.qa.testcases.FeedbackTest"/>
  <testcase name="submitFeedbackWith501CharecterTest" time="48.704" classname="com.product.qa.testcases.FeedbackTest"/>
  <testcase name="CharecterLimitTest" time="43.932" classname="com.product.qa.testcases.FeedbackTest"/>
</testsuite> <!-- com.product.qa.testcases.FeedbackTest -->
