<?xml version="1.0" encoding="UTF-8"?>
<!-- Generated by org.testng.reporters.JUnitReportReporter -->
<testsuite skipped="0" hostname="mpatil" name="com.product.qa.testcases.MyEventsTest" tests="1" failures="0" timestamp="12 May 2020 15:10:31 GMT" time="131.677" errors="0">
  <testcase name="VerifyMyEvent" time="131.677" classname="com.product.qa.testcases.MyEventsTest"/>
</testsuite> <!-- com.product.qa.testcases.MyEventsTest -->
