<?xml version="1.0" encoding="UTF-8"?>
<!-- Generated by org.testng.reporters.JUnitReportReporter -->
<testsuite skipped="7" hostname="mpatil" name="com.product.qa.testcases.BlogsPageTest" tests="9" failures="0" timestamp="16 Apr 2020 11:57:12 GMT" time="119.683" errors="0">
  <testcase name="verifyBlogLabelTest" time="42.380" classname="com.product.qa.testcases.BlogsPageTest"/>
  <testcase name="relatedTagsOpenTest" time="77.303" classname="com.product.qa.testcases.BlogsPageTest"/>
  <testcase name="EditCommentTest" classname="com.product.qa.testcases.BlogsPageTest">
    <skipped/>
  </testcase> <!-- EditCommentTest -->
  <testcase name="relatedEventsOpenTest" classname="com.product.qa.testcases.BlogsPageTest">
    <skipped/>
  </testcase> <!-- relatedEventsOpenTest -->
  <testcase name="verifyReadMoreBtnTest" classname="com.product.qa.testcases.BlogsPageTest">
    <skipped/>
  </testcase> <!-- verifyReadMoreBtnTest -->
  <testcase name="relatedCourseOpenTest" classname="com.product.qa.testcases.BlogsPageTest">
    <skipped/>
  </testcase> <!-- relatedCourseOpenTest -->
  <testcase name="addingCommentTest" classname="com.product.qa.testcases.BlogsPageTest">
    <skipped/>
  </testcase> <!-- addingCommentTest -->
  <testcase name="AbusingWordTest" classname="com.product.qa.testcases.BlogsPageTest">
    <skipped/>
  </testcase> <!-- AbusingWordTest -->
  <testcase name="verifyBlogopenByLinkTest" classname="com.product.qa.testcases.BlogsPageTest">
    <skipped/>
  </testcase> <!-- verifyBlogopenByLinkTest -->
</testsuite> <!-- com.product.qa.testcases.BlogsPageTest -->
