<?xml version="1.0" encoding="UTF-8"?>
<!-- Generated by org.testng.reporters.JUnitReportReporter -->
<testsuite skipped="3" hostname="mpatil" name="com.product.qa.testcases.MyProfileTest" tests="4" failures="0" timestamp="01 Apr 2020 07:59:01 GMT" time="82.592" errors="0">
  <testcase name="ValidateRemoveImageTest" time="82.592" classname="com.product.qa.testcases.MyProfileTest"/>
  <testcase name="verifyContactInformationTest" classname="com.product.qa.testcases.MyProfileTest">
    <skipped/>
  </testcase> <!-- verifyContactInformationTest -->
  <testcase name="verifyBesicDetailTest" classname="com.product.qa.testcases.MyProfileTest">
    <skipped/>
  </testcase> <!-- verifyBesicDetailTest -->
  <testcase name="ValidateUpdateProfileTest" classname="com.product.qa.testcases.MyProfileTest">
    <skipped/>
  </testcase> <!-- ValidateUpdateProfileTest -->
</testsuite> <!-- com.product.qa.testcases.MyProfileTest -->
