<?xml version="1.0" encoding="UTF-8"?>
<!-- Generated by org.testng.reporters.JUnitReportReporter -->
<testsuite skipped="0" hostname="mpatil" name="com.product.qa.testcases.DashboardPageTest" tests="11" failures="0" timestamp="18 May 2020 11:36:30 GMT" time="701.258" errors="0">
  <testcase name="courseCountTest" time="59.185" classname="com.product.qa.testcases.DashboardPageTest"/>
  <testcase name="BlogsCountTest" time="65.189" classname="com.product.qa.testcases.DashboardPageTest"/>
  <testcase name="EventsCountTest" time="58.295" classname="com.product.qa.testcases.DashboardPageTest"/>
  <testcase name="resumeButtonTest" time="54.326" classname="com.product.qa.testcases.DashboardPageTest"/>
  <testcase name="LearnigPathLabelTest" time="51.211" classname="com.product.qa.testcases.DashboardPageTest"/>
  <testcase name="upcomingEventLabelTest" time="69.786" classname="com.product.qa.testcases.DashboardPageTest"/>
  <testcase name="verifyEventOpenTest" time="62.103" classname="com.product.qa.testcases.DashboardPageTest"/>
  <testcase name="EventViewAllBtnTest" time="68.937" classname="com.product.qa.testcases.DashboardPageTest"/>
  <testcase name="BlogsLabelTest" time="68.137" classname="com.product.qa.testcases.DashboardPageTest"/>
  <testcase name="BlogsOpenTest" time="61.993" classname="com.product.qa.testcases.DashboardPageTest"/>
  <testcase name="BlogsViewAllBtnTest" time="82.096" classname="com.product.qa.testcases.DashboardPageTest"/>
</testsuite> <!-- com.product.qa.testcases.DashboardPageTest -->
