<?xml version="1.0" encoding="UTF-8"?>
<!-- Generated by org.testng.reporters.JUnitReportReporter -->
<testsuite skipped="3" hostname="mpatil" name="com.product.qa.testcases.DashboardPageTest" tests="11" failures="0" timestamp="19 Aug 2020 07:37:08 GMT" time="470.221" errors="0">
  <testcase name="courseCountTest" time="53.664" classname="com.product.qa.testcases.DashboardPageTest"/>
  <testcase name="BlogsCountTest" time="58.589" classname="com.product.qa.testcases.DashboardPageTest"/>
  <testcase name="EventsCountTest" time="50.892" classname="com.product.qa.testcases.DashboardPageTest"/>
  <testcase name="resumeButtonTest" time="72.031" classname="com.product.qa.testcases.DashboardPageTest"/>
  <testcase name="LearnigPathLabelTest" time="46.943" classname="com.product.qa.testcases.DashboardPageTest"/>
  <testcase name="BlogsLabelTest" time="47.643" classname="com.product.qa.testcases.DashboardPageTest"/>
  <testcase name="BlogsOpenTest" time="81.788" classname="com.product.qa.testcases.DashboardPageTest"/>
  <testcase name="BlogsViewAllBtnTest" time="58.671" classname="com.product.qa.testcases.DashboardPageTest"/>
  <testcase name="EventViewAllBtnTest" classname="com.product.qa.testcases.DashboardPageTest">
    <skipped/>
  </testcase> <!-- EventViewAllBtnTest -->
  <testcase name="verifyEventOpenTest" classname="com.product.qa.testcases.DashboardPageTest">
    <skipped/>
  </testcase> <!-- verifyEventOpenTest -->
  <testcase name="upcomingEventLabelTest" classname="com.product.qa.testcases.DashboardPageTest">
    <skipped/>
  </testcase> <!-- upcomingEventLabelTest -->
</testsuite> <!-- com.product.qa.testcases.DashboardPageTest -->
