<?xml version="1.0" encoding="UTF-8"?>
<!-- Generated by org.testng.reporters.JUnitReportReporter -->
<testsuite skipped="3" hostname="mpatil" name="com.product.qa.testcases.DashboardPageTest" tests="11" failures="0" timestamp="13 Aug 2020 07:50:33 GMT" time="536.001" errors="0">
  <testcase name="courseCountTest" time="57.144" classname="com.product.qa.testcases.DashboardPageTest"/>
  <testcase name="BlogsCountTest" time="89.794" classname="com.product.qa.testcases.DashboardPageTest"/>
  <testcase name="EventsCountTest" time="57.938" classname="com.product.qa.testcases.DashboardPageTest"/>
  <testcase name="resumeButtonTest" time="66.610" classname="com.product.qa.testcases.DashboardPageTest"/>
  <testcase name="LearnigPathLabelTest" time="44.850" classname="com.product.qa.testcases.DashboardPageTest"/>
  <testcase name="BlogsLabelTest" time="68.730" classname="com.product.qa.testcases.DashboardPageTest"/>
  <testcase name="BlogsOpenTest" time="78.762" classname="com.product.qa.testcases.DashboardPageTest"/>
  <testcase name="BlogsViewAllBtnTest" time="72.173" classname="com.product.qa.testcases.DashboardPageTest"/>
  <testcase name="EventViewAllBtnTest" classname="com.product.qa.testcases.DashboardPageTest">
    <skipped/>
  </testcase> <!-- EventViewAllBtnTest -->
  <testcase name="verifyEventOpenTest" classname="com.product.qa.testcases.DashboardPageTest">
    <skipped/>
  </testcase> <!-- verifyEventOpenTest -->
  <testcase name="upcomingEventLabelTest" classname="com.product.qa.testcases.DashboardPageTest">
    <skipped/>
  </testcase> <!-- upcomingEventLabelTest -->
</testsuite> <!-- com.product.qa.testcases.DashboardPageTest -->
