<?xml version="1.0" encoding="UTF-8"?>
<!-- Generated by org.testng.reporters.JUnitReportReporter -->
<testsuite skipped="1" hostname="mpatil" name="com.product.qa.testcases.LoginTest" tests="4" failures="0" timestamp="04 Aug 2020 00:59:02 GMT" time="65.912" errors="0">
  <testcase name="LoginPageTitletest" time="14.681" classname="com.product.qa.testcases.LoginTest"/>
  <testcase name="MzLogoImagetest" time="15.629" classname="com.product.qa.testcases.LoginTest"/>
  <testcase name="ValidateLogin" time="35.602" classname="com.product.qa.testcases.LoginTest"/>
  <testcase name="ValidateForgotPassword" classname="com.product.qa.testcases.LoginTest">
    <skipped/>
  </testcase> <!-- ValidateForgotPassword -->
</testsuite> <!-- com.product.qa.testcases.LoginTest -->
