<?xml version="1.0" encoding="UTF-8"?>
<!-- Generated by org.testng.reporters.JUnitReportReporter -->
<testsuite skipped="3" hostname="mpatil" name="com.product.qa.testcases.MyProfileTest" tests="5" failures="0" timestamp="03 Apr 2020 08:32:11 GMT" time="137.017" errors="2">
  <testcase name="setUp" time="77.490" classname="com.product.qa.testcases.MyProfileTest">
    <error type="org.openqa.selenium.SessionNotCreatedException" message="session not created
from chrome not reachable
  (Session info: chrome=80.0.3987.149)
Build info: version: &#039;3.141.59&#039;, revision: &#039;e82be7d358&#039;, time: &#039;2018-11-14T08:17:03&#039;
System info: host: &#039;MPATIL&#039;, ip: &#039;192.168.43.189&#039;, os.name: &#039;Windows 10&#039;, os.arch: &#039;amd64&#039;, os.version: &#039;10.0&#039;, java.version: &#039;1.8.0_191&#039;
Driver info: driver.version: ChromeDriver
remote stacktrace: Backtrace:
	Ordinal0 [0x0044A113+1548563]
	Ordinal0 [0x003CDDA1+1039777]
	Ordinal0 [0x0034E32E+516910]
	Ordinal0 [0x00348012+491538]
	Ordinal0 [0x003486EB+493291]
	Ordinal0 [0x00349855+497749]
	Ordinal0 [0x00345885+481413]
	Ordinal0 [0x0034F0D0+520400]
	Ordinal0 [0x002FC030+180272]
	Ordinal0 [0x002FB59D+177565]
	Ordinal0 [0x002F95FB+169467]
	Ordinal0 [0x002E160A+71178]
	Ordinal0 [0x002E2690+75408]
	Ordinal0 [0x002E2629+75305]
	Ordinal0 [0x003E71B7+1143223]
	GetHandleVerifier [0x004E2B46+507814]
	GetHandleVerifier [0x004E2864+507076]
	GetHandleVerifier [0x004E9F47+537511]
	GetHandleVerifier [0x004E3402+510050]
	Ordinal0 [0x003DF29C+1110684]
	Ordinal0 [0x003E938B+1151883]
	Ordinal0 [0x003E94F3+1152243]
	Ordinal0 [0x003E83F5+1147893]
	BaseThreadInitThunk [0x75D36359+25]
	RtlGetAppContainerNamedObjectPath [0x77BC7B74+228]
	RtlGetAppContainerNamedObjectPath [0x77BC7B44+180]
">
      <![CDATA[org.openqa.selenium.SessionNotCreatedException: session not createdfrom chrome not reachable  (Session info: chrome=80.0.3987.149)Build info: version: '3.141.59', revision: 'e82be7d358', time: '2018-11-14T08:17:03'System info: host: 'MPATIL', ip: '192.168.43.189', os.name: 'Windows 10', os.arch: 'amd64', os.version: '10.0', java.version: '1.8.0_191'Driver info: driver.version: ChromeDriverremote stacktrace: Backtrace:Ordinal0 [0x0044A113+1548563]Ordinal0 [0x003CDDA1+1039777]Ordinal0 [0x0034E32E+516910]Ordinal0 [0x00348012+491538]Ordinal0 [0x003486EB+493291]Ordinal0 [0x00349855+497749]Ordinal0 [0x00345885+481413]Ordinal0 [0x0034F0D0+520400]Ordinal0 [0x002FC030+180272]Ordinal0 [0x002FB59D+177565]Ordinal0 [0x002F95FB+169467]Ordinal0 [0x002E160A+71178]Ordinal0 [0x002E2690+75408]Ordinal0 [0x002E2629+75305]Ordinal0 [0x003E71B7+1143223]GetHandleVerifier [0x004E2B46+507814]GetHandleVerifier [0x004E2864+507076]GetHandleVerifier [0x004E9F47+537511]GetHandleVerifier [0x004E3402+510050]Ordinal0 [0x003DF29C+1110684]Ordinal0 [0x003E938B+1151883]Ordinal0 [0x003E94F3+1152243]Ordinal0 [0x003E83F5+1147893]BaseThreadInitThunk [0x75D36359+25]RtlGetAppContainerNamedObjectPath [0x77BC7B74+228]RtlGetAppContainerNamedObjectPath [0x77BC7B44+180]at sun.reflect.NativeConstructorAccessorImpl.newInstance0(Native Method)at sun.reflect.NativeConstructorAccessorImpl.newInstance(Unknown Source)at sun.reflect.DelegatingConstructorAccessorImpl.newInstance(Unknown Source)at java.lang.reflect.Constructor.newInstance(Unknown Source)at org.openqa.selenium.remote.W3CHandshakeResponse.lambda$errorHandler$0(W3CHandshakeResponse.java:62)at org.openqa.selenium.remote.HandshakeResponse.lambda$getResponseFunction$0(HandshakeResponse.java:30)at org.openqa.selenium.remote.ProtocolHandshake.lambda$createSession$0(ProtocolHandshake.java:126)at java.util.stream.ReferencePipeline$3$1.accept(Unknown Source)at java.util.Spliterators$ArraySpliterator.tryAdvance(Unknown Source)at java.util.stream.ReferencePipeline.forEachWithCancel(Unknown Source)at java.util.stream.AbstractPipeline.copyIntoWithCancel(Unknown Source)at java.util.stream.AbstractPipeline.copyInto(Unknown Source)at java.util.stream.AbstractPipeline.wrapAndCopyInto(Unknown Source)at java.util.stream.FindOps$FindOp.evaluateSequential(Unknown Source)at java.util.stream.AbstractPipeline.evaluate(Unknown Source)at java.util.stream.ReferencePipeline.findFirst(Unknown Source)at org.openqa.selenium.remote.ProtocolHandshake.createSession(ProtocolHandshake.java:128)at org.openqa.selenium.remote.ProtocolHandshake.createSession(ProtocolHandshake.java:74)at org.openqa.selenium.remote.HttpCommandExecutor.execute(HttpCommandExecutor.java:136)at org.openqa.selenium.remote.service.DriverCommandExecutor.execute(DriverCommandExecutor.java:83)at org.openqa.selenium.remote.RemoteWebDriver.execute(RemoteWebDriver.java:552)at org.openqa.selenium.remote.RemoteWebDriver.startSession(RemoteWebDriver.java:213)at org.openqa.selenium.remote.RemoteWebDriver.<init>(RemoteWebDriver.java:131)at org.openqa.selenium.chrome.ChromeDriver.<init>(ChromeDriver.java:181)at org.openqa.selenium.chrome.ChromeDriver.<init>(ChromeDriver.java:168)at org.openqa.selenium.chrome.ChromeDriver.<init>(ChromeDriver.java:123)at com.product.qa.base.TestBase.initialization(TestBase.java:61)at com.product.qa.testcases.MyProfileTest.setUp(MyProfileTest.java:27)at sun.reflect.NativeMethodAccessorImpl.invoke0(Native Method)at sun.reflect.NativeMethodAccessorImpl.invoke(Unknown Source)at sun.reflect.DelegatingMethodAccessorImpl.invoke(Unknown Source)at java.lang.reflect.Method.invoke(Unknown Source)at org.testng.internal.MethodInvocationHelper.invokeMethod(MethodInvocationHelper.java:124)at org.testng.internal.MethodInvocationHelper.invokeMethodConsideringTimeout(MethodInvocationHelper.java:59)at org.testng.internal.Invoker.invokeConfigurationMethod(Invoker.java:451)at org.testng.internal.Invoker.invokeConfigurations(Invoker.java:222)at org.testng.internal.Invoker.invokeMethod(Invoker.java:516)at org.testng.internal.Invoker.invokeTestMethod(Invoker.java:707)at org.testng.internal.Invoker.invokeTestMethods(Invoker.java:979)at org.testng.internal.TestMethodWorker.invokeTestMethods(TestMethodWorker.java:125)at org.testng.internal.TestMethodWorker.run(TestMethodWorker.java:109)at org.testng.TestRunner.privateRun(TestRunner.java:648)at org.testng.TestRunner.run(TestRunner.java:505)at org.testng.SuiteRunner.runTest(SuiteRunner.java:455)at org.testng.SuiteRunner.runSequentially(SuiteRunner.java:450)at org.testng.SuiteRunner.privateRun(SuiteRunner.java:415)at org.testng.SuiteRunner.run(SuiteRunner.java:364)at org.testng.SuiteRunnerWorker.runSuite(SuiteRunnerWorker.java:52)at org.testng.SuiteRunnerWorker.run(SuiteRunnerWorker.java:84)at org.testng.TestNG.runSuitesSequentially(TestNG.java:1187)at org.testng.TestNG.runSuitesLocally(TestNG.java:1116)at org.testng.TestNG.runSuites(TestNG.java:1028)at org.testng.TestNG.run(TestNG.java:996)at org.testng.remote.AbstractRemoteTestNG.run(AbstractRemoteTestNG.java:115)at org.testng.remote.RemoteTestNG.initAndRun(RemoteTestNG.java:251)at org.testng.remote.RemoteTestNG.main(RemoteTestNG.java:77)]]>
    </error>
  </testcase> <!-- setUp -->
  <testcase name="ValidateUpdateProfileTest" time="59.527" classname="com.product.qa.testcases.MyProfileTest">
    <error type="org.openqa.selenium.ElementClickInterceptedException" message="element click intercepted: Element &lt;span&gt;...&lt;/span&gt; is not clickable at point (998, 495). Other element would receive the click: &lt;div class=&quot;modal-footer&quot;&gt;...&lt;/div&gt;
  (Session info: chrome=80.0.3987.149)
Build info: version: &#039;3.141.59&#039;, revision: &#039;e82be7d358&#039;, time: &#039;2018-11-14T08:17:03&#039;
System info: host: &#039;MPATIL&#039;, ip: &#039;192.168.43.189&#039;, os.name: &#039;Windows 10&#039;, os.arch: &#039;amd64&#039;, os.version: &#039;10.0&#039;, java.version: &#039;1.8.0_191&#039;
Driver info: org.openqa.selenium.chrome.ChromeDriver
Capabilities {acceptInsecureCerts: false, browserName: chrome, browserVersion: 80.0.3987.149, chrome: {chromedriverVersion: 79.0.3945.36 (3582db32b3389..., userDataDir: C:\Users\MANISH~1\AppData\L...}, goog:chromeOptions: {debuggerAddress: localhost:56269}, javascriptEnabled: true, networkConnectionEnabled: false, pageLoadStrategy: normal, platform: WINDOWS, platformName: WINDOWS, proxy: Proxy(), setWindowRect: true, strictFileInteractability: false, timeouts: {implicit: 0, pageLoad: 300000, script: 30000}, unhandledPromptBehavior: dismiss and notify}
Session ID: b27641997d98f985846bcde32a5b7fba">
      <![CDATA[org.openqa.selenium.ElementClickInterceptedException: element click intercepted: Element <span>...</span> is not clickable at point (998, 495). Other element would receive the click: <div class="modal-footer">...</div>  (Session info: chrome=80.0.3987.149)Build info: version: '3.141.59', revision: 'e82be7d358', time: '2018-11-14T08:17:03'System info: host: 'MPATIL', ip: '192.168.43.189', os.name: 'Windows 10', os.arch: 'amd64', os.version: '10.0', java.version: '1.8.0_191'Driver info: org.openqa.selenium.chrome.ChromeDriverCapabilities {acceptInsecureCerts: false, browserName: chrome, browserVersion: 80.0.3987.149, chrome: {chromedriverVersion: 79.0.3945.36 (3582db32b3389..., userDataDir: C:\Users\MANISH~1\AppData\L...}, goog:chromeOptions: {debuggerAddress: localhost:56269}, javascriptEnabled: true, networkConnectionEnabled: false, pageLoadStrategy: normal, platform: WINDOWS, platformName: WINDOWS, proxy: Proxy(), setWindowRect: true, strictFileInteractability: false, timeouts: {implicit: 0, pageLoad: 300000, script: 30000}, unhandledPromptBehavior: dismiss and notify}Session ID: b27641997d98f985846bcde32a5b7fbaat sun.reflect.NativeConstructorAccessorImpl.newInstance0(Native Method)at sun.reflect.NativeConstructorAccessorImpl.newInstance(Unknown Source)at sun.reflect.DelegatingConstructorAccessorImpl.newInstance(Unknown Source)at java.lang.reflect.Constructor.newInstance(Unknown Source)at org.openqa.selenium.remote.http.W3CHttpResponseCodec.createException(W3CHttpResponseCodec.java:187)at org.openqa.selenium.remote.http.W3CHttpResponseCodec.decode(W3CHttpResponseCodec.java:122)at org.openqa.selenium.remote.http.W3CHttpResponseCodec.decode(W3CHttpResponseCodec.java:49)at org.openqa.selenium.remote.HttpCommandExecutor.execute(HttpCommandExecutor.java:158)at org.openqa.selenium.remote.service.DriverCommandExecutor.execute(DriverCommandExecutor.java:83)at org.openqa.selenium.remote.RemoteWebDriver.execute(RemoteWebDriver.java:552)at org.openqa.selenium.remote.RemoteWebElement.execute(RemoteWebElement.java:285)at org.openqa.selenium.remote.RemoteWebElement.click(RemoteWebElement.java:84)at sun.reflect.NativeMethodAccessorImpl.invoke0(Native Method)at sun.reflect.NativeMethodAccessorImpl.invoke(Unknown Source)at sun.reflect.DelegatingMethodAccessorImpl.invoke(Unknown Source)at java.lang.reflect.Method.invoke(Unknown Source)at org.openqa.selenium.support.pagefactory.internal.LocatingElementHandler.invoke(LocatingElementHandler.java:51)at com.sun.proxy.$Proxy9.click(Unknown Source)at com.product.qa.pages.MyProfile.UpdateProfile(MyProfile.java:172)at com.product.qa.testcases.MyProfileTest.ValidateUpdateProfileTest(MyProfileTest.java:73)at sun.reflect.NativeMethodAccessorImpl.invoke0(Native Method)at sun.reflect.NativeMethodAccessorImpl.invoke(Unknown Source)at sun.reflect.DelegatingMethodAccessorImpl.invoke(Unknown Source)at java.lang.reflect.Method.invoke(Unknown Source)at org.testng.internal.MethodInvocationHelper.invokeMethod(MethodInvocationHelper.java:124)at org.testng.internal.Invoker.invokeMethod(Invoker.java:571)at org.testng.internal.Invoker.invokeTestMethod(Invoker.java:707)at org.testng.internal.Invoker.invokeTestMethods(Invoker.java:979)at org.testng.internal.TestMethodWorker.invokeTestMethods(TestMethodWorker.java:125)at org.testng.internal.TestMethodWorker.run(TestMethodWorker.java:109)at org.testng.TestRunner.privateRun(TestRunner.java:648)at org.testng.TestRunner.run(TestRunner.java:505)at org.testng.SuiteRunner.runTest(SuiteRunner.java:455)at org.testng.SuiteRunner.runSequentially(SuiteRunner.java:450)at org.testng.SuiteRunner.privateRun(SuiteRunner.java:415)at org.testng.SuiteRunner.run(SuiteRunner.java:364)at org.testng.SuiteRunnerWorker.runSuite(SuiteRunnerWorker.java:52)at org.testng.SuiteRunnerWorker.run(SuiteRunnerWorker.java:84)at org.testng.TestNG.runSuitesSequentially(TestNG.java:1187)at org.testng.TestNG.runSuitesLocally(TestNG.java:1116)at org.testng.TestNG.runSuites(TestNG.java:1028)at org.testng.TestNG.run(TestNG.java:996)at org.testng.remote.AbstractRemoteTestNG.run(AbstractRemoteTestNG.java:115)at org.testng.remote.RemoteTestNG.initAndRun(RemoteTestNG.java:251)at org.testng.remote.RemoteTestNG.main(RemoteTestNG.java:77)]]>
    </error>
  </testcase> <!-- ValidateUpdateProfileTest -->
  <testcase name="ValidateRemoveImageTest" time="0.000" classname="com.product.qa.testcases.MyProfileTest">
    <skipped/>
  </testcase> <!-- ValidateRemoveImageTest -->
  <testcase name="verifyContactInformationTest" classname="com.product.qa.testcases.MyProfileTest">
    <skipped/>
  </testcase> <!-- verifyContactInformationTest -->
  <testcase name="verifyBesicDetailTest" classname="com.product.qa.testcases.MyProfileTest">
    <skipped/>
  </testcase> <!-- verifyBesicDetailTest -->
</testsuite> <!-- com.product.qa.testcases.MyProfileTest -->
