<?xml version="1.0" encoding="UTF-8"?>
<!-- Generated by org.testng.reporters.JUnitReportReporter -->
<testsuite skipped="0" hostname="mpatil" name="com.product.qa.testcases.CoursesPageTest" tests="1" failures="0" timestamp="17 Apr 2020 07:03:08 GMT" time="48.491" errors="1">
  <testcase name="VerifyCoursesPageFilterLinksTest" time="48.491" classname="com.product.qa.testcases.CoursesPageTest">
    <error type="org.openqa.selenium.ElementClickInterceptedException" message="element click intercepted: Element &lt;a class=&quot;&quot; href=&quot;/app/course/course-list&quot; style=&quot;font-weight: bold;&quot;&gt;...&lt;/a&gt; is not clickable at point (1211, 230). Other element would receive the click: &lt;div data-testid=&quot;overlay&quot; class=&quot;_loading_overlay_overlay css-df17o1 _loading-overlay-transition-enter-done&quot;&gt;...&lt;/div&gt;
  (Session info: headless chrome=79.0.3945.88)
Build info: version: &#039;3.141.59&#039;, revision: &#039;e82be7d358&#039;, time: &#039;2018-11-14T08:17:03&#039;
System info: host: &#039;MPATIL&#039;, ip: &#039;192.168.43.189&#039;, os.name: &#039;Windows 10&#039;, os.arch: &#039;amd64&#039;, os.version: &#039;10.0&#039;, java.version: &#039;1.8.0_191&#039;
Driver info: org.openqa.selenium.chrome.ChromeDriver
Capabilities {acceptInsecureCerts: false, browserName: chrome, browserVersion: 79.0.3945.88, chrome: {chromedriverVersion: 79.0.3945.36 (3582db32b3389..., userDataDir: C:\Users\MANISH~1\AppData\L...}, goog:chromeOptions: {debuggerAddress: localhost:56885}, javascriptEnabled: true, networkConnectionEnabled: false, pageLoadStrategy: normal, platform: WINDOWS, platformName: WINDOWS, proxy: Proxy(), setWindowRect: true, strictFileInteractability: false, timeouts: {implicit: 0, pageLoad: 300000, script: 30000}, unhandledPromptBehavior: dismiss and notify}
Session ID: 7aa4197186f6b76b0ef721a6e8929e66">
      <![CDATA[org.openqa.selenium.ElementClickInterceptedException: element click intercepted: Element <a class="" href="/app/course/course-list" style="font-weight: bold;">...</a> is not clickable at point (1211, 230). Other element would receive the click: <div data-testid="overlay" class="_loading_overlay_overlay css-df17o1 _loading-overlay-transition-enter-done">...</div>  (Session info: headless chrome=79.0.3945.88)Build info: version: '3.141.59', revision: 'e82be7d358', time: '2018-11-14T08:17:03'System info: host: 'MPATIL', ip: '192.168.43.189', os.name: 'Windows 10', os.arch: 'amd64', os.version: '10.0', java.version: '1.8.0_191'Driver info: org.openqa.selenium.chrome.ChromeDriverCapabilities {acceptInsecureCerts: false, browserName: chrome, browserVersion: 79.0.3945.88, chrome: {chromedriverVersion: 79.0.3945.36 (3582db32b3389..., userDataDir: C:\Users\MANISH~1\AppData\L...}, goog:chromeOptions: {debuggerAddress: localhost:56885}, javascriptEnabled: true, networkConnectionEnabled: false, pageLoadStrategy: normal, platform: WINDOWS, platformName: WINDOWS, proxy: Proxy(), setWindowRect: true, strictFileInteractability: false, timeouts: {implicit: 0, pageLoad: 300000, script: 30000}, unhandledPromptBehavior: dismiss and notify}Session ID: 7aa4197186f6b76b0ef721a6e8929e66at sun.reflect.NativeConstructorAccessorImpl.newInstance0(Native Method)at sun.reflect.NativeConstructorAccessorImpl.newInstance(Unknown Source)at sun.reflect.DelegatingConstructorAccessorImpl.newInstance(Unknown Source)at java.lang.reflect.Constructor.newInstance(Unknown Source)at org.openqa.selenium.remote.http.W3CHttpResponseCodec.createException(W3CHttpResponseCodec.java:187)at org.openqa.selenium.remote.http.W3CHttpResponseCodec.decode(W3CHttpResponseCodec.java:122)at org.openqa.selenium.remote.http.W3CHttpResponseCodec.decode(W3CHttpResponseCodec.java:49)at org.openqa.selenium.remote.HttpCommandExecutor.execute(HttpCommandExecutor.java:158)at org.openqa.selenium.remote.service.DriverCommandExecutor.execute(DriverCommandExecutor.java:83)at org.openqa.selenium.remote.RemoteWebDriver.execute(RemoteWebDriver.java:552)at org.openqa.selenium.remote.RemoteWebElement.execute(RemoteWebElement.java:285)at org.openqa.selenium.remote.RemoteWebElement.click(RemoteWebElement.java:84)at com.product.qa.pages.CoursesPage.ValidateFilterLinks(CoursesPage.java:68)at com.product.qa.testcases.CoursesPageTest.VerifyCoursesPageFilterLinksTest(CoursesPageTest.java:45)at sun.reflect.NativeMethodAccessorImpl.invoke0(Native Method)at sun.reflect.NativeMethodAccessorImpl.invoke(Unknown Source)at sun.reflect.DelegatingMethodAccessorImpl.invoke(Unknown Source)at java.lang.reflect.Method.invoke(Unknown Source)at org.testng.internal.MethodInvocationHelper.invokeMethod(MethodInvocationHelper.java:124)at org.testng.internal.Invoker.invokeMethod(Invoker.java:571)at org.testng.internal.Invoker.invokeTestMethod(Invoker.java:707)at org.testng.internal.Invoker.invokeTestMethods(Invoker.java:979)at org.testng.internal.TestMethodWorker.invokeTestMethods(TestMethodWorker.java:125)at org.testng.internal.TestMethodWorker.run(TestMethodWorker.java:109)at org.testng.TestRunner.privateRun(TestRunner.java:648)at org.testng.TestRunner.run(TestRunner.java:505)at org.testng.SuiteRunner.runTest(SuiteRunner.java:455)at org.testng.SuiteRunner.runSequentially(SuiteRunner.java:450)at org.testng.SuiteRunner.privateRun(SuiteRunner.java:415)at org.testng.SuiteRunner.run(SuiteRunner.java:364)at org.testng.SuiteRunnerWorker.runSuite(SuiteRunnerWorker.java:52)at org.testng.SuiteRunnerWorker.run(SuiteRunnerWorker.java:84)at org.testng.TestNG.runSuitesSequentially(TestNG.java:1187)at org.testng.TestNG.runSuitesLocally(TestNG.java:1116)at org.testng.TestNG.runSuites(TestNG.java:1028)at org.testng.TestNG.run(TestNG.java:996)at org.testng.remote.AbstractRemoteTestNG.run(AbstractRemoteTestNG.java:115)at org.testng.remote.RemoteTestNG.initAndRun(RemoteTestNG.java:251)at org.testng.remote.RemoteTestNG.main(RemoteTestNG.java:77)]]>
    </error>
  </testcase> <!-- VerifyCoursesPageFilterLinksTest -->
</testsuite> <!-- com.product.qa.testcases.CoursesPageTest -->
