<?xml version="1.0" encoding="UTF-8"?>
<!-- Generated by org.testng.reporters.JUnitReportReporter -->
<testsuite skipped="5" hostname="mpatil" name="com.product.qa.testcases.BlogsPageTest" tests="10" failures="0" timestamp="20 May 2020 07:41:51 GMT" time="502.716" errors="0">
  <testcase name="relatedTagsOpenTest" time="116.429" classname="com.product.qa.testcases.BlogsPageTest"/>
  <testcase name="addingCommentTest" time="98.239" classname="com.product.qa.testcases.BlogsPageTest"/>
  <testcase name="EditCommentTest" time="111.179" classname="com.product.qa.testcases.BlogsPageTest"/>
  <testcase name="deleteCommentTest" time="89.451" classname="com.product.qa.testcases.BlogsPageTest"/>
  <testcase name="AbusingWordTest" time="87.418" classname="com.product.qa.testcases.BlogsPageTest"/>
  <testcase name="relatedEventsOpenTest" classname="com.product.qa.testcases.BlogsPageTest">
    <skipped/>
  </testcase> <!-- relatedEventsOpenTest -->
  <testcase name="relatedCourseOpenTest" classname="com.product.qa.testcases.BlogsPageTest">
    <skipped/>
  </testcase> <!-- relatedCourseOpenTest -->
  <testcase name="verifyReadMoreBtnTest" classname="com.product.qa.testcases.BlogsPageTest">
    <skipped/>
  </testcase> <!-- verifyReadMoreBtnTest -->
  <testcase name="verifyBlogopenByLinkTest" classname="com.product.qa.testcases.BlogsPageTest">
    <skipped/>
  </testcase> <!-- verifyBlogopenByLinkTest -->
  <testcase name="verifyBlogLabelTest" classname="com.product.qa.testcases.BlogsPageTest">
    <skipped/>
  </testcase> <!-- verifyBlogLabelTest -->
</testsuite> <!-- com.product.qa.testcases.BlogsPageTest -->
