<?xml version="1.0" encoding="UTF-8"?>
<!-- Generated by org.testng.reporters.JUnitReportReporter -->
<testsuite skipped="0" hostname="mpatil" name="com.product.qa.testcases.FeedbackTest" tests="5" failures="0" timestamp="13 Aug 2020 08:18:50 GMT" time="357.321" errors="0">
  <testcase name="FeedbackLabelTest" time="61.998" classname="com.product.qa.testcases.FeedbackTest"/>
  <testcase name="cancelButtonTest" time="78.586" classname="com.product.qa.testcases.FeedbackTest"/>
  <testcase name="submitFeedbackWith500CharecterTest" time="71.893" classname="com.product.qa.testcases.FeedbackTest"/>
  <testcase name="submitFeedbackWith501CharecterTest" time="90.824" classname="com.product.qa.testcases.FeedbackTest"/>
  <testcase name="CharecterLimitTest" time="54.020" classname="com.product.qa.testcases.FeedbackTest"/>
</testsuite> <!-- com.product.qa.testcases.FeedbackTest -->
