<?xml version="1.0" encoding="UTF-8"?>
<!-- Generated by org.testng.reporters.JUnitReportReporter -->
<testsuite skipped="0" hostname="mpatil" name="com.product.qa.testcases.ChangePasswordTest" tests="6" failures="0" timestamp="16 Apr 2020 11:17:44 GMT" time="251.572" errors="0">
  <testcase name="verifyPasswordLabelTest" time="46.691" classname="com.product.qa.testcases.ChangePasswordTest"/>
  <testcase name="verifyChangePasswordTest" time="39.560" classname="com.product.qa.testcases.ChangePasswordTest"/>
  <testcase name="VerifyChangePasswordTextTest" time="45.973" classname="com.product.qa.testcases.ChangePasswordTest"/>
  <testcase name="verifyPleaseEnterValidPasswordtextTest" time="38.404" classname="com.product.qa.testcases.ChangePasswordTest"/>
  <testcase name="verifyPleaseReEnterPasswordTextTest" time="47.434" classname="com.product.qa.testcases.ChangePasswordTest"/>
  <testcase name="verifyPasswordMisMatchTextTest" time="33.510" classname="com.product.qa.testcases.ChangePasswordTest"/>
</testsuite> <!-- com.product.qa.testcases.ChangePasswordTest -->
