<?xml version="1.0" encoding="UTF-8"?>
<!-- Generated by org.testng.reporters.JUnitReportReporter -->
<testsuite skipped="0" hostname="rchauhan" name="com.product.qa.testcases.HomePageTest" tests="3" failures="0" timestamp="2020-03-06T17:05:26 IST" time="98.102" errors="0">
  <testcase name="VerifyHomePageTitleTest" time="23.451" classname="com.product.qa.testcases.HomePageTest"/>
  <testcase name="VerifyMzLogotest" time="31.639" classname="com.product.qa.testcases.HomePageTest"/>
  <testcase name="VerifyCoursesLinkTest" time="43.012" classname="com.product.qa.testcases.HomePageTest"/>
</testsuite> <!-- com.product.qa.testcases.HomePageTest -->
