<?xml version="1.0" encoding="UTF-8"?>
<!-- Generated by org.testng.reporters.JUnitReportReporter -->
<testsuite skipped="1" hostname="mpatil" name="com.product.qa.testcases.LoginTest" tests="4" failures="0" timestamp="13 Aug 2020 08:36:56 GMT" time="110.575" errors="0">
  <testcase name="LoginPageTitletest" time="24.525" classname="com.product.qa.testcases.LoginTest"/>
  <testcase name="MzLogoImagetest" time="41.492" classname="com.product.qa.testcases.LoginTest"/>
  <testcase name="ValidateLogin" time="44.558" classname="com.product.qa.testcases.LoginTest"/>
  <testcase name="ValidateForgotPassword" classname="com.product.qa.testcases.LoginTest">
    <skipped/>
  </testcase> <!-- ValidateForgotPassword -->
</testsuite> <!-- com.product.qa.testcases.LoginTest -->
