<?xml version="1.0" encoding="UTF-8"?>
<!-- Generated by org.testng.reporters.JUnitReportReporter -->
<testsuite skipped="3" hostname="mpatil" name="com.product.qa.testcases.MyProfileTest" tests="4" failures="0" timestamp="16 Apr 2020 16:54:46 GMT" time="78.649" errors="0">
  <testcase name="ValidateUpdateProfileTest" time="78.649" classname="com.product.qa.testcases.MyProfileTest"/>
  <testcase name="ValidateRemoveImageTest" classname="com.product.qa.testcases.MyProfileTest">
    <skipped/>
  </testcase> <!-- ValidateRemoveImageTest -->
  <testcase name="verifyContactInformationTest" classname="com.product.qa.testcases.MyProfileTest">
    <skipped/>
  </testcase> <!-- verifyContactInformationTest -->
  <testcase name="verifyBesicDetailTest" classname="com.product.qa.testcases.MyProfileTest">
    <skipped/>
  </testcase> <!-- verifyBesicDetailTest -->
</testsuite> <!-- com.product.qa.testcases.MyProfileTest -->
