<?xml version="1.0" encoding="UTF-8"?>
<!-- Generated by org.testng.reporters.JUnitReportReporter -->
<testsuite skipped="5" hostname="mpatil" name="com.product.qa.testcases.ChangePasswordTest" tests="6" failures="0" timestamp="01 Apr 2020 07:28:46 GMT" time="52.732" errors="0">
  <testcase name="verifyPasswordMisMatchTextTest" time="52.732" classname="com.product.qa.testcases.ChangePasswordTest"/>
  <testcase name="VerifyChangePasswordTextTest" classname="com.product.qa.testcases.ChangePasswordTest">
    <skipped/>
  </testcase> <!-- VerifyChangePasswordTextTest -->
  <testcase name="verifyPleaseEnterValidPasswordtextTest" classname="com.product.qa.testcases.ChangePasswordTest">
    <skipped/>
  </testcase> <!-- verifyPleaseEnterValidPasswordtextTest -->
  <testcase name="verifyPasswordLabelTest" classname="com.product.qa.testcases.ChangePasswordTest">
    <skipped/>
  </testcase> <!-- verifyPasswordLabelTest -->
  <testcase name="verifyPleaseReEnterPasswordTextTest" classname="com.product.qa.testcases.ChangePasswordTest">
    <skipped/>
  </testcase> <!-- verifyPleaseReEnterPasswordTextTest -->
  <testcase name="verifyChangePasswordTest" classname="com.product.qa.testcases.ChangePasswordTest">
    <skipped/>
  </testcase> <!-- verifyChangePasswordTest -->
</testsuite> <!-- com.product.qa.testcases.ChangePasswordTest -->
